This is pdfTeX, Version 3.14159265-2.6-1.40.21 (TeX Live 2020) (preloaded format=pdflatex 2024.11.4)  15 NOV 2024 20:52
entering extended mode
 restricted \write18 enabled.
 %&-line parsing enabled.
**template.tex
(./template.tex
LaTeX2e <2020-10-01> patch level 4
L3 programming layer <2021-02-18>
(/usr/share/texlive/texmf-dist/tex/latex/base/article.cls
Document Class: article 2020/04/10 v1.4m Standard LaTeX document class
(/usr/share/texlive/texmf-dist/tex/latex/base/size12.clo
File: size12.clo 2020/04/10 v1.4m Standard LaTeX file (size option)
)
\c@part=\count179
\c@section=\count180
\c@subsection=\count181
\c@subsubsection=\count182
\c@paragraph=\count183
\c@subparagraph=\count184
\c@figure=\count185
\c@table=\count186
\abovecaptionskip=\skip47
\belowcaptionskip=\skip48
\bibindent=\dimen138
)
(/usr/share/texlive/texmf-dist/tex/latex/caption/subcaption.sty
Package: subcaption 2020/10/07 v1.3j Sub-captions (AR)

(/usr/share/texlive/texmf-dist/tex/latex/caption/caption.sty
Package: caption 2020/10/26 v3.5g Customizing captions (AR)

(/usr/share/texlive/texmf-dist/tex/latex/caption/caption3.sty
Package: caption3 2020/10/21 v2.2e caption3 kernel (AR)

(/usr/share/texlive/texmf-dist/tex/latex/graphics/keyval.sty
Package: keyval 2014/10/28 v1.15 key=value parser (DPC)
\KV@toks@=\toks15
)
\captionmargin=\dimen139
\captionmargin@=\dimen140
\captionwidth=\dimen141
\caption@tempdima=\dimen142
\caption@indent=\dimen143
\caption@parindent=\dimen144
\caption@hangindent=\dimen145
Package caption Info: Standard document class detected.
)
\c@caption@flags=\count187
\c@continuedfloat=\count188
)
\c@subfigure=\count189
\c@subtable=\count190
)
(/usr/share/texlive/texmf-dist/tex/latex/geometry/geometry.sty
Package: geometry 2020/01/02 v5.9 Page Geometry

(/usr/share/texlive/texmf-dist/tex/generic/iftex/ifvtex.sty
Package: ifvtex 2019/10/25 v1.7 ifvtex legacy package. Use iftex instead.

(/usr/share/texlive/texmf-dist/tex/generic/iftex/iftex.sty
Package: iftex 2020/03/06 v1.0d TeX engine tests
))
\Gm@cnth=\count191
\Gm@cntv=\count192
\c@Gm@tempcnt=\count193
\Gm@bindingoffset=\dimen146
\Gm@wd@mp=\dimen147
\Gm@odd@mp=\dimen148
\Gm@even@mp=\dimen149
\Gm@layoutwidth=\dimen150
\Gm@layoutheight=\dimen151
\Gm@layouthoffset=\dimen152
\Gm@layoutvoffset=\dimen153
\Gm@dimlist=\toks16
)
(/usr/share/texlive/texmf-dist/tex/latex/tools/xspace.sty
Package: xspace 2014/10/28 v1.13 Space after command names (DPC,MH)
)
(/usr/share/texlive/texmf-dist/tex/latex/graphics/graphicx.sty
Package: graphicx 2020/09/09 v1.2b Enhanced LaTeX Graphics (DPC,SPQR)

(/usr/share/texlive/texmf-dist/tex/latex/graphics/graphics.sty
Package: graphics 2020/08/30 v1.4c Standard LaTeX Graphics (DPC,SPQR)

(/usr/share/texlive/texmf-dist/tex/latex/graphics/trig.sty
Package: trig 2016/01/03 v1.10 sin cos tan (DPC)
)
(/usr/share/texlive/texmf-dist/tex/latex/graphics-cfg/graphics.cfg
File: graphics.cfg 2016/06/04 v1.11 sample graphics configuration
)
Package graphics Info: Driver file: pdftex.def on input line 105.

(/usr/share/texlive/texmf-dist/tex/latex/graphics-def/pdftex.def
File: pdftex.def 2020/10/05 v1.2a Graphics/color driver for pdftex
))
\Gin@req@height=\dimen154
\Gin@req@width=\dimen155
)
(/usr/share/texlive/texmf-dist/tex/latex/tools/array.sty
Package: array 2020/10/01 v2.5c Tabular extension package (FMi)
\col@sep=\dimen156
\ar@mcellbox=\box47
\extrarowheight=\dimen157
\NC@list=\toks17
\extratabsurround=\skip49
\backup@length=\skip50
\ar@cellbox=\box48
)
(/usr/share/texlive/texmf-dist/tex/latex/base/ifthen.sty
Package: ifthen 2014/09/29 v1.1c Standard LaTeX ifthen package (DPC)
)
(/usr/share/texlive/texmf-dist/tex/latex/multirow/multirow.sty
Package: multirow 2021/03/15 v2.8 Span multiple rows of a table
\multirow@colwidth=\skip51
\multirow@cntb=\count194
\multirow@dima=\skip52
\bigstrutjot=\dimen158
)
(/usr/share/texlive/texmf-dist/tex/latex/lineno/lineno.sty
Package: lineno 2005/11/02 line numbers on paragraphs v4.41
\linenopenalty=\count195
\output=\toks18
\linenoprevgraf=\count196
\linenumbersep=\dimen159
\linenumberwidth=\dimen160
\c@linenumber=\count197
\c@pagewiselinenumber=\count198
\c@LN@truepage=\count199
\c@internallinenumber=\count266
\c@internallinenumbers=\count267
\quotelinenumbersep=\dimen161
\bframerule=\dimen162
\bframesep=\dimen163
\bframebox=\box49
LaTeX Info: Redefining \\ on input line 3056.
)
(/usr/share/texlive/texmf-dist/tex/latex/tools/dcolumn.sty
Package: dcolumn 2014/10/28 v1.06 decimal alignment package (DPC)
)
(/usr/share/texlive/texmf-dist/tex/latex/l3backend/l3backend-pdftex.def
File: l3backend-pdftex.def 2021-03-18 L3 backend support: PDF output (pdfTeX)
\l__color_backend_stack_int=\count268
\l__pdf_internal_box=\box50
)
(./template.aux

LaTeX Warning: Label `sec:taue' multiply defined.


LaTeX Warning: Label `sec:taumu' multiply defined.


LaTeX Warning: Label `sec:tauha' multiply defined.


LaTeX Warning: Label `sec:tauhb' multiply defined.


LaTeX Warning: Label `sec:all_cat' multiply defined.

)
\openout1 = `template.aux'.

LaTeX Font Info:    Checking defaults for OML/cmm/m/it on input line 16.
LaTeX Font Info:    ... okay on input line 16.
LaTeX Font Info:    Checking defaults for OMS/cmsy/m/n on input line 16.
LaTeX Font Info:    ... okay on input line 16.
LaTeX Font Info:    Checking defaults for OT1/cmr/m/n on input line 16.
LaTeX Font Info:    ... okay on input line 16.
LaTeX Font Info:    Checking defaults for T1/cmr/m/n on input line 16.
LaTeX Font Info:    ... okay on input line 16.
LaTeX Font Info:    Checking defaults for TS1/cmr/m/n on input line 16.
LaTeX Font Info:    ... okay on input line 16.
LaTeX Font Info:    Checking defaults for OMX/cmex/m/n on input line 16.
LaTeX Font Info:    ... okay on input line 16.
LaTeX Font Info:    Checking defaults for U/cmr/m/n on input line 16.
LaTeX Font Info:    ... okay on input line 16.
Package caption Info: Begin \AtBeginDocument code.
Package caption Info: End \AtBeginDocument code.

*geometry* driver: auto-detecting
*geometry* detected driver: pdftex
*geometry* verbose mode - [ preamble ] result:
* driver: pdftex
* paper: a4paper
* layout: <same size as paper>
* layoutoffset:(h,v)=(0.0pt,0.0pt)
* modes: 
* h-part:(L,W,R)=(72.26999pt, 452.9679pt, 72.26999pt)
* v-part:(T,H,B)=(72.26999pt, 700.50687pt, 72.26999pt)
* \paperwidth=597.50787pt
* \paperheight=845.04684pt
* \textwidth=452.9679pt
* \textheight=700.50687pt
* \oddsidemargin=0.0pt
* \evensidemargin=0.0pt
* \topmargin=-37.0pt
* \headheight=12.0pt
* \headsep=25.0pt
* \topskip=12.0pt
* \footskip=30.0pt
* \marginparwidth=44.0pt
* \marginparsep=10.0pt
* \columnsep=10.0pt
* \skip\footins=10.8pt plus 4.0pt minus 2.0pt
* \hoffset=0.0pt
* \voffset=0.0pt
* \mag=1000
* \@twocolumnfalse
* \@twosidefalse
* \@mparswitchfalse
* \@reversemarginfalse
* (1in=72.27pt=25.4mm, 1cm=28.453pt)

(/usr/share/texlive/texmf-dist/tex/context/base/mkii/supp-pdf.mkii
[Loading MPS to PDF converter (version 2006.09.02).]
\scratchcounter=\count269
\scratchdimen=\dimen164
\scratchbox=\box51
\nofMPsegments=\count270
\nofMParguments=\count271
\everyMPshowfont=\toks19
\MPscratchCnt=\count272
\MPscratchDim=\dimen165
\MPnumerator=\count273
\makeMPintoPDFobject=\count274
\everyMPtoPDFconversion=\toks20
) (/usr/share/texlive/texmf-dist/tex/latex/epstopdf-pkg/epstopdf-base.sty
Package: epstopdf-base 2020-01-24 v2.11 Base part for package epstopdf
Package epstopdf-base Info: Redefining graphics rule for `.eps' on input line 4
85.

(/usr/share/texlive/texmf-dist/tex/latex/latexconfig/epstopdf-sys.cfg
File: epstopdf-sys.cfg 2010/07/13 v1.3 Configuration of (r)epstopdf for TeX Liv
e
))
LaTeX Font Info:    External font `cmex10' loaded for size
(Font)              <14.4> on input line 21.
LaTeX Font Info:    External font `cmex10' loaded for size
(Font)              <7> on input line 21.

(./plots.tex [1

{/usr/share/texlive/texmf-dist/fonts/map/pdftex/updmap/pdftex.map}]
<unfixed_exp/plots/taue/massfit_taue_40bins_bdtcut-0.2.png, id=9, 698.61pt x 47
3.77pt>
File: unfixed_exp/plots/taue/massfit_taue_40bins_bdtcut-0.2.png Graphic file (t
ype png)
<use unfixed_exp/plots/taue/massfit_taue_40bins_bdtcut-0.2.png>
Package pdftex.def Info: unfixed_exp/plots/taue/massfit_taue_40bins_bdtcut-0.2.
png  used on input line 14.
(pdftex.def)             Requested size: 90.5922pt x 61.43321pt.
LaTeX Font Info:    External font `cmex10' loaded for size
(Font)              <12> on input line 16.
LaTeX Font Info:    External font `cmex10' loaded for size
(Font)              <8> on input line 16.
LaTeX Font Info:    External font `cmex10' loaded for size
(Font)              <6> on input line 16.
<unfixed_exp/plots/taue/massfit_taue_40bins_bdtcut-0.14.png, id=10, 698.61pt x 
473.77pt>
File: unfixed_exp/plots/taue/massfit_taue_40bins_bdtcut-0.14.png Graphic file (
type png)
<use unfixed_exp/plots/taue/massfit_taue_40bins_bdtcut-0.14.png>
Package pdftex.def Info: unfixed_exp/plots/taue/massfit_taue_40bins_bdtcut-0.14
.png  used on input line 18.
(pdftex.def)             Requested size: 90.5922pt x 61.43321pt.
<unfixed_exp/plots/taue/massfit_taue_40bins_bdtcut-0.08.png, id=11, 698.61pt x 
473.77pt>
File: unfixed_exp/plots/taue/massfit_taue_40bins_bdtcut-0.08.png Graphic file (
type png)
<use unfixed_exp/plots/taue/massfit_taue_40bins_bdtcut-0.08.png>
Package pdftex.def Info: unfixed_exp/plots/taue/massfit_taue_40bins_bdtcut-0.08
.png  used on input line 22.
(pdftex.def)             Requested size: 90.5922pt x 61.43321pt.
<unfixed_exp/plots/taue/massfit_taue_40bins_bdtcut-0.02.png, id=12, 698.61pt x 
473.77pt>
File: unfixed_exp/plots/taue/massfit_taue_40bins_bdtcut-0.02.png Graphic file (
type png)
<use unfixed_exp/plots/taue/massfit_taue_40bins_bdtcut-0.02.png>
Package pdftex.def Info: unfixed_exp/plots/taue/massfit_taue_40bins_bdtcut-0.02
.png  used on input line 26.
(pdftex.def)             Requested size: 90.5922pt x 61.43321pt.
<unfixed_exp/plots/taue/massfit_taue_40bins_bdtcut0.0.png, id=13, 698.61pt x 47
3.77pt>
File: unfixed_exp/plots/taue/massfit_taue_40bins_bdtcut0.0.png Graphic file (ty
pe png)
<use unfixed_exp/plots/taue/massfit_taue_40bins_bdtcut0.0.png>
Package pdftex.def Info: unfixed_exp/plots/taue/massfit_taue_40bins_bdtcut0.0.p
ng  used on input line 30.
(pdftex.def)             Requested size: 90.5922pt x 61.43321pt.
<unfixed_exp/plots/taue/massfit_taue_40bins_bdtcut0.04.png, id=14, 698.61pt x 4
73.77pt>
File: unfixed_exp/plots/taue/massfit_taue_40bins_bdtcut0.04.png Graphic file (t
ype png)
<use unfixed_exp/plots/taue/massfit_taue_40bins_bdtcut0.04.png>
Package pdftex.def Info: unfixed_exp/plots/taue/massfit_taue_40bins_bdtcut0.04.
png  used on input line 34.
(pdftex.def)             Requested size: 90.5922pt x 61.43321pt.
<unfixed_exp/plots/taue/massfit_taue_40bins_bdtcut0.08.png, id=15, 698.61pt x 4
73.77pt>
File: unfixed_exp/plots/taue/massfit_taue_40bins_bdtcut0.08.png Graphic file (t
ype png)
<use unfixed_exp/plots/taue/massfit_taue_40bins_bdtcut0.08.png>
Package pdftex.def Info: unfixed_exp/plots/taue/massfit_taue_40bins_bdtcut0.08.
png  used on input line 38.
(pdftex.def)             Requested size: 90.5922pt x 61.43321pt.
<unfixed_exp/plots/taue/massfit_taue_40bins_bdtcut0.12.png, id=16, 698.61pt x 4
73.77pt>
File: unfixed_exp/plots/taue/massfit_taue_40bins_bdtcut0.12.png Graphic file (t
ype png)
<use unfixed_exp/plots/taue/massfit_taue_40bins_bdtcut0.12.png>
Package pdftex.def Info: unfixed_exp/plots/taue/massfit_taue_40bins_bdtcut0.12.
png  used on input line 42.
(pdftex.def)             Requested size: 90.5922pt x 61.43321pt.
<unfixed_exp/plots/taue/massfit_taue_40bins_bdtcut0.16.png, id=17, 698.61pt x 4
73.77pt>
File: unfixed_exp/plots/taue/massfit_taue_40bins_bdtcut0.16.png Graphic file (t
ype png)
<use unfixed_exp/plots/taue/massfit_taue_40bins_bdtcut0.16.png>
Package pdftex.def Info: unfixed_exp/plots/taue/massfit_taue_40bins_bdtcut0.16.
png  used on input line 46.
(pdftex.def)             Requested size: 90.5922pt x 61.43321pt.
<unfixed_exp/plots/taue/massfit_taue_40bins_bdtcut0.2.png, id=18, 698.61pt x 47
3.77pt>
File: unfixed_exp/plots/taue/massfit_taue_40bins_bdtcut0.2.png Graphic file (ty
pe png)
<use unfixed_exp/plots/taue/massfit_taue_40bins_bdtcut0.2.png>
Package pdftex.def Info: unfixed_exp/plots/taue/massfit_taue_40bins_bdtcut0.2.p
ng  used on input line 50.
(pdftex.def)             Requested size: 90.5922pt x 61.43321pt.
<unfixed_exp/plots/taue/massfit_taue_40bins_bdtcut0.24.png, id=19, 698.61pt x 4
73.77pt>
File: unfixed_exp/plots/taue/massfit_taue_40bins_bdtcut0.24.png Graphic file (t
ype png)
<use unfixed_exp/plots/taue/massfit_taue_40bins_bdtcut0.24.png>
Package pdftex.def Info: unfixed_exp/plots/taue/massfit_taue_40bins_bdtcut0.24.
png  used on input line 54.
(pdftex.def)             Requested size: 90.5922pt x 61.43321pt.
<unfixed_exp/plots/taue/massfit_taue_40bins_bdtcut0.28.png, id=20, 698.61pt x 4
73.77pt>
File: unfixed_exp/plots/taue/massfit_taue_40bins_bdtcut0.28.png Graphic file (t
ype png)
<use unfixed_exp/plots/taue/massfit_taue_40bins_bdtcut0.28.png>
Package pdftex.def Info: unfixed_exp/plots/taue/massfit_taue_40bins_bdtcut0.28.
png  used on input line 58.
(pdftex.def)             Requested size: 90.5922pt x 61.43321pt.
<unfixed_exp/plots/taue/massfit_taue_40bins_bdtcut0.32.png, id=21, 698.61pt x 4
73.77pt>
File: unfixed_exp/plots/taue/massfit_taue_40bins_bdtcut0.32.png Graphic file (t
ype png)
<use unfixed_exp/plots/taue/massfit_taue_40bins_bdtcut0.32.png>
Package pdftex.def Info: unfixed_exp/plots/taue/massfit_taue_40bins_bdtcut0.32.
png  used on input line 62.
(pdftex.def)             Requested size: 90.5922pt x 61.43321pt.
<unfixed_exp/plots/taue/massfit_taue_40bins_bdtcut0.36.png, id=22, 698.61pt x 4
73.77pt>
File: unfixed_exp/plots/taue/massfit_taue_40bins_bdtcut0.36.png Graphic file (t
ype png)
<use unfixed_exp/plots/taue/massfit_taue_40bins_bdtcut0.36.png>
Package pdftex.def Info: unfixed_exp/plots/taue/massfit_taue_40bins_bdtcut0.36.
png  used on input line 66.
(pdftex.def)             Requested size: 90.5922pt x 61.43321pt.
<unfixed_exp/plots/taue/massfit_taue_40bins_bdtcut0.4.png, id=23, 698.61pt x 47
3.77pt>
File: unfixed_exp/plots/taue/massfit_taue_40bins_bdtcut0.4.png Graphic file (ty
pe png)
<use unfixed_exp/plots/taue/massfit_taue_40bins_bdtcut0.4.png>
Package pdftex.def Info: unfixed_exp/plots/taue/massfit_taue_40bins_bdtcut0.4.p
ng  used on input line 70.
(pdftex.def)             Requested size: 90.5922pt x 61.43321pt.
<unfixed_exp/plots/taue/massfit_taue_40bins_bdtcut0.46.png, id=24, 698.61pt x 4
73.77pt>
File: unfixed_exp/plots/taue/massfit_taue_40bins_bdtcut0.46.png Graphic file (t
ype png)
<use unfixed_exp/plots/taue/massfit_taue_40bins_bdtcut0.46.png>
Package pdftex.def Info: unfixed_exp/plots/taue/massfit_taue_40bins_bdtcut0.46.
png  used on input line 74.
(pdftex.def)             Requested size: 90.5922pt x 61.43321pt.
<unfixed_exp/plots/taue/massfit_taue_40bins_bdtcut0.52.png, id=25, 698.61pt x 4
73.77pt>
File: unfixed_exp/plots/taue/massfit_taue_40bins_bdtcut0.52.png Graphic file (t
ype png)
<use unfixed_exp/plots/taue/massfit_taue_40bins_bdtcut0.52.png>
Package pdftex.def Info: unfixed_exp/plots/taue/massfit_taue_40bins_bdtcut0.52.
png  used on input line 78.
(pdftex.def)             Requested size: 90.5922pt x 61.43321pt.
<unfixed_exp/plots/taue/massfit_taue_40bins_bdtcut0.58.png, id=26, 698.61pt x 4
73.77pt>
File: unfixed_exp/plots/taue/massfit_taue_40bins_bdtcut0.58.png Graphic file (t
ype png)
<use unfixed_exp/plots/taue/massfit_taue_40bins_bdtcut0.58.png>
Package pdftex.def Info: unfixed_exp/plots/taue/massfit_taue_40bins_bdtcut0.58.
png  used on input line 82.
(pdftex.def)             Requested size: 90.5922pt x 61.43321pt.
 [2 <./unfixed_exp/plots/taue/massfit_taue_40bins_bdtcut-0.2.png> <./unfixed_ex
p/plots/taue/massfit_taue_40bins_bdtcut-0.14.png> <./unfixed_exp/plots/taue/mas
sfit_taue_40bins_bdtcut-0.08.png> <./unfixed_exp/plots/taue/massfit_taue_40bins
_bdtcut-0.02.png> <./unfixed_exp/plots/taue/massfit_taue_40bins_bdtcut0.0.png> 
<./unfixed_exp/plots/taue/massfit_taue_40bins_bdtcut0.04.png> <./unfixed_exp/pl
ots/taue/massfit_taue_40bins_bdtcut0.08.png> <./unfixed_exp/plots/taue/massfit_
taue_40bins_bdtcut0.12.png> <./unfixed_exp/plots/taue/massfit_taue_40bins_bdtcu
t0.16.png> <./unfixed_exp/plots/taue/massfit_taue_40bins_bdtcut0.2.png> <./unfi
xed_exp/plots/taue/massfit_taue_40bins_bdtcut0.24.png> <./unfixed_exp/plots/tau
e/massfit_taue_40bins_bdtcut0.28.png> <./unfixed_exp/plots/taue/massfit_taue_40
bins_bdtcut0.32.png> <./unfixed_exp/plots/taue/massfit_taue_40bins_bdtcut0.36.p
ng> <./unfixed_exp/plots/taue/massfit_taue_40bins_bdtcut0.4.png> <./unfixed_exp
/plots/taue/massfit_taue_40bins_bdtcut0.46.png> <./unfixed_exp/plots/taue/massf
it_taue_40bins_bdtcut0.52.png> <./unfixed_exp/plots/taue/massfit_taue_40bins_bd
tcut0.58.png>]
<unfixed_exp/plots/taumu/massfit_taumu_40bins_bdtcut0.0.png, id=34, 698.61pt x 
473.77pt>
File: unfixed_exp/plots/taumu/massfit_taumu_40bins_bdtcut0.0.png Graphic file (
type png)
<use unfixed_exp/plots/taumu/massfit_taumu_40bins_bdtcut0.0.png>
Package pdftex.def Info: unfixed_exp/plots/taumu/massfit_taumu_40bins_bdtcut0.0
.png  used on input line 98.
(pdftex.def)             Requested size: 90.5922pt x 61.43321pt.
<unfixed_exp/plots/taumu/massfit_taumu_40bins_bdtcut0.06.png, id=35, 698.61pt x
 473.77pt>
File: unfixed_exp/plots/taumu/massfit_taumu_40bins_bdtcut0.06.png Graphic file 
(type png)
<use unfixed_exp/plots/taumu/massfit_taumu_40bins_bdtcut0.06.png>
Package pdftex.def Info: unfixed_exp/plots/taumu/massfit_taumu_40bins_bdtcut0.0
6.png  used on input line 102.
(pdftex.def)             Requested size: 90.5922pt x 61.43321pt.
<unfixed_exp/plots/taumu/massfit_taumu_40bins_bdtcut0.12.png, id=36, 698.61pt x
 473.77pt>
File: unfixed_exp/plots/taumu/massfit_taumu_40bins_bdtcut0.12.png Graphic file 
(type png)
<use unfixed_exp/plots/taumu/massfit_taumu_40bins_bdtcut0.12.png>
Package pdftex.def Info: unfixed_exp/plots/taumu/massfit_taumu_40bins_bdtcut0.1
2.png  used on input line 106.
(pdftex.def)             Requested size: 90.5922pt x 61.43321pt.
<unfixed_exp/plots/taumu/massfit_taumu_40bins_bdtcut0.18.png, id=37, 698.61pt x
 473.77pt>
File: unfixed_exp/plots/taumu/massfit_taumu_40bins_bdtcut0.18.png Graphic file 
(type png)
<use unfixed_exp/plots/taumu/massfit_taumu_40bins_bdtcut0.18.png>
Package pdftex.def Info: unfixed_exp/plots/taumu/massfit_taumu_40bins_bdtcut0.1
8.png  used on input line 110.
(pdftex.def)             Requested size: 90.5922pt x 61.43321pt.
<unfixed_exp/plots/taumu/massfit_taumu_40bins_bdtcut0.2.png, id=38, 698.61pt x 
473.77pt>
File: unfixed_exp/plots/taumu/massfit_taumu_40bins_bdtcut0.2.png Graphic file (
type png)
<use unfixed_exp/plots/taumu/massfit_taumu_40bins_bdtcut0.2.png>
Package pdftex.def Info: unfixed_exp/plots/taumu/massfit_taumu_40bins_bdtcut0.2
.png  used on input line 114.
(pdftex.def)             Requested size: 90.5922pt x 61.43321pt.
<unfixed_exp/plots/taumu/massfit_taumu_40bins_bdtcut0.24.png, id=39, 698.61pt x
 473.77pt>
File: unfixed_exp/plots/taumu/massfit_taumu_40bins_bdtcut0.24.png Graphic file 
(type png)
<use unfixed_exp/plots/taumu/massfit_taumu_40bins_bdtcut0.24.png>
Package pdftex.def Info: unfixed_exp/plots/taumu/massfit_taumu_40bins_bdtcut0.2
4.png  used on input line 118.
(pdftex.def)             Requested size: 90.5922pt x 61.43321pt.
<unfixed_exp/plots/taumu/massfit_taumu_40bins_bdtcut0.28.png, id=40, 698.61pt x
 473.77pt>
File: unfixed_exp/plots/taumu/massfit_taumu_40bins_bdtcut0.28.png Graphic file 
(type png)
<use unfixed_exp/plots/taumu/massfit_taumu_40bins_bdtcut0.28.png>
Package pdftex.def Info: unfixed_exp/plots/taumu/massfit_taumu_40bins_bdtcut0.2
8.png  used on input line 122.
(pdftex.def)             Requested size: 90.5922pt x 61.43321pt.
<unfixed_exp/plots/taumu/massfit_taumu_40bins_bdtcut0.32.png, id=41, 698.61pt x
 473.77pt>
File: unfixed_exp/plots/taumu/massfit_taumu_40bins_bdtcut0.32.png Graphic file 
(type png)
<use unfixed_exp/plots/taumu/massfit_taumu_40bins_bdtcut0.32.png>
Package pdftex.def Info: unfixed_exp/plots/taumu/massfit_taumu_40bins_bdtcut0.3
2.png  used on input line 126.
(pdftex.def)             Requested size: 90.5922pt x 61.43321pt.
<unfixed_exp/plots/taumu/massfit_taumu_40bins_bdtcut0.36.png, id=42, 698.61pt x
 473.77pt>
File: unfixed_exp/plots/taumu/massfit_taumu_40bins_bdtcut0.36.png Graphic file 
(type png)
<use unfixed_exp/plots/taumu/massfit_taumu_40bins_bdtcut0.36.png>
Package pdftex.def Info: unfixed_exp/plots/taumu/massfit_taumu_40bins_bdtcut0.3
6.png  used on input line 130.
(pdftex.def)             Requested size: 90.5922pt x 61.43321pt.
<unfixed_exp/plots/taumu/massfit_taumu_40bins_bdtcut0.4.png, id=43, 698.61pt x 
473.77pt>
File: unfixed_exp/plots/taumu/massfit_taumu_40bins_bdtcut0.4.png Graphic file (
type png)
<use unfixed_exp/plots/taumu/massfit_taumu_40bins_bdtcut0.4.png>
Package pdftex.def Info: unfixed_exp/plots/taumu/massfit_taumu_40bins_bdtcut0.4
.png  used on input line 134.
(pdftex.def)             Requested size: 90.5922pt x 61.43321pt.
<unfixed_exp/plots/taumu/massfit_taumu_40bins_bdtcut0.44.png, id=44, 698.61pt x
 473.77pt>
File: unfixed_exp/plots/taumu/massfit_taumu_40bins_bdtcut0.44.png Graphic file 
(type png)
<use unfixed_exp/plots/taumu/massfit_taumu_40bins_bdtcut0.44.png>
Package pdftex.def Info: unfixed_exp/plots/taumu/massfit_taumu_40bins_bdtcut0.4
4.png  used on input line 138.
(pdftex.def)             Requested size: 90.5922pt x 61.43321pt.
<unfixed_exp/plots/taumu/massfit_taumu_40bins_bdtcut0.48.png, id=45, 698.61pt x
 473.77pt>
File: unfixed_exp/plots/taumu/massfit_taumu_40bins_bdtcut0.48.png Graphic file 
(type png)
<use unfixed_exp/plots/taumu/massfit_taumu_40bins_bdtcut0.48.png>
Package pdftex.def Info: unfixed_exp/plots/taumu/massfit_taumu_40bins_bdtcut0.4
8.png  used on input line 142.
(pdftex.def)             Requested size: 90.5922pt x 61.43321pt.
<unfixed_exp/plots/taumu/massfit_taumu_40bins_bdtcut0.52.png, id=46, 698.61pt x
 473.77pt>
File: unfixed_exp/plots/taumu/massfit_taumu_40bins_bdtcut0.52.png Graphic file 
(type png)
<use unfixed_exp/plots/taumu/massfit_taumu_40bins_bdtcut0.52.png>
Package pdftex.def Info: unfixed_exp/plots/taumu/massfit_taumu_40bins_bdtcut0.5
2.png  used on input line 146.
(pdftex.def)             Requested size: 90.5922pt x 61.43321pt.
<unfixed_exp/plots/taumu/massfit_taumu_40bins_bdtcut0.55.png, id=47, 698.61pt x
 473.77pt>
File: unfixed_exp/plots/taumu/massfit_taumu_40bins_bdtcut0.55.png Graphic file 
(type png)
<use unfixed_exp/plots/taumu/massfit_taumu_40bins_bdtcut0.55.png>
Package pdftex.def Info: unfixed_exp/plots/taumu/massfit_taumu_40bins_bdtcut0.5
5.png  used on input line 150.
(pdftex.def)             Requested size: 90.5922pt x 61.43321pt.
<unfixed_exp/plots/taumu/massfit_taumu_40bins_bdtcut0.61.png, id=48, 698.61pt x
 473.77pt>
File: unfixed_exp/plots/taumu/massfit_taumu_40bins_bdtcut0.61.png Graphic file 
(type png)
<use unfixed_exp/plots/taumu/massfit_taumu_40bins_bdtcut0.61.png>
Package pdftex.def Info: unfixed_exp/plots/taumu/massfit_taumu_40bins_bdtcut0.6
1.png  used on input line 154.
(pdftex.def)             Requested size: 90.5922pt x 61.43321pt.
<unfixed_exp/plots/taumu/massfit_taumu_40bins_bdtcut0.67.png, id=49, 698.61pt x
 473.77pt>
File: unfixed_exp/plots/taumu/massfit_taumu_40bins_bdtcut0.67.png Graphic file 
(type png)
<use unfixed_exp/plots/taumu/massfit_taumu_40bins_bdtcut0.67.png>
Package pdftex.def Info: unfixed_exp/plots/taumu/massfit_taumu_40bins_bdtcut0.6
7.png  used on input line 158.
(pdftex.def)             Requested size: 90.5922pt x 61.43321pt.
 [3 <./unfixed_exp/plots/taumu/massfit_taumu_40bins_bdtcut0.0.png> <./unfixed_e
xp/plots/taumu/massfit_taumu_40bins_bdtcut0.06.png> <./unfixed_exp/plots/taumu/
massfit_taumu_40bins_bdtcut0.12.png> <./unfixed_exp/plots/taumu/massfit_taumu_4
0bins_bdtcut0.18.png> <./unfixed_exp/plots/taumu/massfit_taumu_40bins_bdtcut0.2
.png> <./unfixed_exp/plots/taumu/massfit_taumu_40bins_bdtcut0.24.png> <./unfixe
d_exp/plots/taumu/massfit_taumu_40bins_bdtcut0.28.png> <./unfixed_exp/plots/tau
mu/massfit_taumu_40bins_bdtcut0.32.png> <./unfixed_exp/plots/taumu/massfit_taum
u_40bins_bdtcut0.36.png> <./unfixed_exp/plots/taumu/massfit_taumu_40bins_bdtcut
0.4.png> <./unfixed_exp/plots/taumu/massfit_taumu_40bins_bdtcut0.44.png> <./unf
ixed_exp/plots/taumu/massfit_taumu_40bins_bdtcut0.48.png> <./unfixed_exp/plots/
taumu/massfit_taumu_40bins_bdtcut0.52.png> <./unfixed_exp/plots/taumu/massfit_t
aumu_40bins_bdtcut0.55.png> <./unfixed_exp/plots/taumu/massfit_taumu_40bins_bdt
cut0.61.png> <./unfixed_exp/plots/taumu/massfit_taumu_40bins_bdtcut0.67.png>]
<unfixed_exp/plots/tauhA/massfit_tauhA_40bins_bdtcut-0.2.png, id=53, 698.61pt x
 473.77pt>
File: unfixed_exp/plots/tauhA/massfit_tauhA_40bins_bdtcut-0.2.png Graphic file 
(type png)
<use unfixed_exp/plots/tauhA/massfit_tauhA_40bins_bdtcut-0.2.png>
Package pdftex.def Info: unfixed_exp/plots/tauhA/massfit_tauhA_40bins_bdtcut-0.
2.png  used on input line 174.
(pdftex.def)             Requested size: 90.5922pt x 61.43321pt.
<unfixed_exp/plots/tauhA/massfit_tauhA_40bins_bdtcut-0.14.png, id=54, 698.61pt 
x 473.77pt>
File: unfixed_exp/plots/tauhA/massfit_tauhA_40bins_bdtcut-0.14.png Graphic file
 (type png)
<use unfixed_exp/plots/tauhA/massfit_tauhA_40bins_bdtcut-0.14.png>
Package pdftex.def Info: unfixed_exp/plots/tauhA/massfit_tauhA_40bins_bdtcut-0.
14.png  used on input line 178.
(pdftex.def)             Requested size: 90.5922pt x 61.43321pt.
<unfixed_exp/plots/tauhA/massfit_tauhA_40bins_bdtcut-0.08.png, id=55, 698.61pt 
x 473.77pt>
File: unfixed_exp/plots/tauhA/massfit_tauhA_40bins_bdtcut-0.08.png Graphic file
 (type png)
<use unfixed_exp/plots/tauhA/massfit_tauhA_40bins_bdtcut-0.08.png>
Package pdftex.def Info: unfixed_exp/plots/tauhA/massfit_tauhA_40bins_bdtcut-0.
08.png  used on input line 182.
(pdftex.def)             Requested size: 90.5922pt x 61.43321pt.
<unfixed_exp/plots/tauhA/massfit_tauhA_40bins_bdtcut-0.02.png, id=56, 698.61pt 
x 473.77pt>
File: unfixed_exp/plots/tauhA/massfit_tauhA_40bins_bdtcut-0.02.png Graphic file
 (type png)
<use unfixed_exp/plots/tauhA/massfit_tauhA_40bins_bdtcut-0.02.png>
Package pdftex.def Info: unfixed_exp/plots/tauhA/massfit_tauhA_40bins_bdtcut-0.
02.png  used on input line 186.
(pdftex.def)             Requested size: 90.5922pt x 61.43321pt.
<unfixed_exp/plots/tauhA/massfit_tauhA_40bins_bdtcut0.04.png, id=57, 698.61pt x
 473.77pt>
File: unfixed_exp/plots/tauhA/massfit_tauhA_40bins_bdtcut0.04.png Graphic file 
(type png)
<use unfixed_exp/plots/tauhA/massfit_tauhA_40bins_bdtcut0.04.png>
Package pdftex.def Info: unfixed_exp/plots/tauhA/massfit_tauhA_40bins_bdtcut0.0
4.png  used on input line 190.
(pdftex.def)             Requested size: 90.5922pt x 61.43321pt.
<unfixed_exp/plots/tauhA/massfit_tauhA_40bins_bdtcut0.06.png, id=58, 698.61pt x
 473.77pt>
File: unfixed_exp/plots/tauhA/massfit_tauhA_40bins_bdtcut0.06.png Graphic file 
(type png)
<use unfixed_exp/plots/tauhA/massfit_tauhA_40bins_bdtcut0.06.png>
Package pdftex.def Info: unfixed_exp/plots/tauhA/massfit_tauhA_40bins_bdtcut0.0
6.png  used on input line 194.
(pdftex.def)             Requested size: 90.5922pt x 61.43321pt.
<unfixed_exp/plots/tauhA/massfit_tauhA_40bins_bdtcut0.1.png, id=59, 698.61pt x 
473.77pt>
File: unfixed_exp/plots/tauhA/massfit_tauhA_40bins_bdtcut0.1.png Graphic file (
type png)
<use unfixed_exp/plots/tauhA/massfit_tauhA_40bins_bdtcut0.1.png>
Package pdftex.def Info: unfixed_exp/plots/tauhA/massfit_tauhA_40bins_bdtcut0.1
.png  used on input line 198.
(pdftex.def)             Requested size: 90.5922pt x 61.43321pt.
<unfixed_exp/plots/tauhA/massfit_tauhA_40bins_bdtcut0.14.png, id=60, 698.61pt x
 473.77pt>
File: unfixed_exp/plots/tauhA/massfit_tauhA_40bins_bdtcut0.14.png Graphic file 
(type png)
<use unfixed_exp/plots/tauhA/massfit_tauhA_40bins_bdtcut0.14.png>
Package pdftex.def Info: unfixed_exp/plots/tauhA/massfit_tauhA_40bins_bdtcut0.1
4.png  used on input line 202.
(pdftex.def)             Requested size: 90.5922pt x 61.43321pt.
<unfixed_exp/plots/tauhA/massfit_tauhA_40bins_bdtcut0.18.png, id=61, 698.61pt x
 473.77pt>
File: unfixed_exp/plots/tauhA/massfit_tauhA_40bins_bdtcut0.18.png Graphic file 
(type png)
<use unfixed_exp/plots/tauhA/massfit_tauhA_40bins_bdtcut0.18.png>
Package pdftex.def Info: unfixed_exp/plots/tauhA/massfit_tauhA_40bins_bdtcut0.1
8.png  used on input line 206.
(pdftex.def)             Requested size: 90.5922pt x 61.43321pt.
<unfixed_exp/plots/tauhA/massfit_tauhA_40bins_bdtcut0.22.png, id=62, 698.61pt x
 473.77pt>
File: unfixed_exp/plots/tauhA/massfit_tauhA_40bins_bdtcut0.22.png Graphic file 
(type png)
<use unfixed_exp/plots/tauhA/massfit_tauhA_40bins_bdtcut0.22.png>
Package pdftex.def Info: unfixed_exp/plots/tauhA/massfit_tauhA_40bins_bdtcut0.2
2.png  used on input line 210.
(pdftex.def)             Requested size: 90.5922pt x 61.43321pt.
<unfixed_exp/plots/tauhA/massfit_tauhA_40bins_bdtcut0.26.png, id=63, 698.61pt x
 473.77pt>
File: unfixed_exp/plots/tauhA/massfit_tauhA_40bins_bdtcut0.26.png Graphic file 
(type png)
<use unfixed_exp/plots/tauhA/massfit_tauhA_40bins_bdtcut0.26.png>
Package pdftex.def Info: unfixed_exp/plots/tauhA/massfit_tauhA_40bins_bdtcut0.2
6.png  used on input line 214.
(pdftex.def)             Requested size: 90.5922pt x 61.43321pt.
<unfixed_exp/plots/tauhA/massfit_tauhA_40bins_bdtcut0.3.png, id=64, 698.61pt x 
473.77pt>
File: unfixed_exp/plots/tauhA/massfit_tauhA_40bins_bdtcut0.3.png Graphic file (
type png)
<use unfixed_exp/plots/tauhA/massfit_tauhA_40bins_bdtcut0.3.png>
Package pdftex.def Info: unfixed_exp/plots/tauhA/massfit_tauhA_40bins_bdtcut0.3
.png  used on input line 218.
(pdftex.def)             Requested size: 90.5922pt x 61.43321pt.
<unfixed_exp/plots/tauhA/massfit_tauhA_40bins_bdtcut0.34.png, id=65, 698.61pt x
 473.77pt>
File: unfixed_exp/plots/tauhA/massfit_tauhA_40bins_bdtcut0.34.png Graphic file 
(type png)
<use unfixed_exp/plots/tauhA/massfit_tauhA_40bins_bdtcut0.34.png>
Package pdftex.def Info: unfixed_exp/plots/tauhA/massfit_tauhA_40bins_bdtcut0.3
4.png  used on input line 222.
(pdftex.def)             Requested size: 90.5922pt x 61.43321pt.
<unfixed_exp/plots/tauhA/massfit_tauhA_40bins_bdtcut0.38.png, id=66, 698.61pt x
 473.77pt>
File: unfixed_exp/plots/tauhA/massfit_tauhA_40bins_bdtcut0.38.png Graphic file 
(type png)
<use unfixed_exp/plots/tauhA/massfit_tauhA_40bins_bdtcut0.38.png>
Package pdftex.def Info: unfixed_exp/plots/tauhA/massfit_tauhA_40bins_bdtcut0.3
8.png  used on input line 226.
(pdftex.def)             Requested size: 90.5922pt x 61.43321pt.
<unfixed_exp/plots/tauhA/massfit_tauhA_40bins_bdtcut0.42.png, id=67, 698.61pt x
 473.77pt>
File: unfixed_exp/plots/tauhA/massfit_tauhA_40bins_bdtcut0.42.png Graphic file 
(type png)
<use unfixed_exp/plots/tauhA/massfit_tauhA_40bins_bdtcut0.42.png>
Package pdftex.def Info: unfixed_exp/plots/tauhA/massfit_tauhA_40bins_bdtcut0.4
2.png  used on input line 230.
(pdftex.def)             Requested size: 90.5922pt x 61.43321pt.
<unfixed_exp/plots/tauhA/massfit_tauhA_40bins_bdtcut0.46.png, id=68, 698.61pt x
 473.77pt>
File: unfixed_exp/plots/tauhA/massfit_tauhA_40bins_bdtcut0.46.png Graphic file 
(type png)
<use unfixed_exp/plots/tauhA/massfit_tauhA_40bins_bdtcut0.46.png>
Package pdftex.def Info: unfixed_exp/plots/tauhA/massfit_tauhA_40bins_bdtcut0.4
6.png  used on input line 234.
(pdftex.def)             Requested size: 90.5922pt x 61.43321pt.
<unfixed_exp/plots/tauhA/massfit_tauhA_40bins_bdtcut0.52.png, id=69, 698.61pt x
 473.77pt>
File: unfixed_exp/plots/tauhA/massfit_tauhA_40bins_bdtcut0.52.png Graphic file 
(type png)
<use unfixed_exp/plots/tauhA/massfit_tauhA_40bins_bdtcut0.52.png>
Package pdftex.def Info: unfixed_exp/plots/tauhA/massfit_tauhA_40bins_bdtcut0.5
2.png  used on input line 238.
(pdftex.def)             Requested size: 90.5922pt x 61.43321pt.
<unfixed_exp/plots/tauhA/massfit_tauhA_40bins_bdtcut0.58.png, id=70, 698.61pt x
 473.77pt>
File: unfixed_exp/plots/tauhA/massfit_tauhA_40bins_bdtcut0.58.png Graphic file 
(type png)
<use unfixed_exp/plots/tauhA/massfit_tauhA_40bins_bdtcut0.58.png>
Package pdftex.def Info: unfixed_exp/plots/tauhA/massfit_tauhA_40bins_bdtcut0.5
8.png  used on input line 242.
(pdftex.def)             Requested size: 90.5922pt x 61.43321pt.
 [4 <./unfixed_exp/plots/tauhA/massfit_tauhA_40bins_bdtcut-0.2.png> <./unfixed_
exp/plots/tauhA/massfit_tauhA_40bins_bdtcut-0.14.png> <./unfixed_exp/plots/tauh
A/massfit_tauhA_40bins_bdtcut-0.08.png> <./unfixed_exp/plots/tauhA/massfit_tauh
A_40bins_bdtcut-0.02.png> <./unfixed_exp/plots/tauhA/massfit_tauhA_40bins_bdtcu
t0.04.png> <./unfixed_exp/plots/tauhA/massfit_tauhA_40bins_bdtcut0.06.png> <./u
nfixed_exp/plots/tauhA/massfit_tauhA_40bins_bdtcut0.1.png> <./unfixed_exp/plots
/tauhA/massfit_tauhA_40bins_bdtcut0.14.png> <./unfixed_exp/plots/tauhA/massfit_
tauhA_40bins_bdtcut0.18.png> <./unfixed_exp/plots/tauhA/massfit_tauhA_40bins_bd
tcut0.22.png> <./unfixed_exp/plots/tauhA/massfit_tauhA_40bins_bdtcut0.26.png> <
./unfixed_exp/plots/tauhA/massfit_tauhA_40bins_bdtcut0.3.png> <./unfixed_exp/pl
ots/tauhA/massfit_tauhA_40bins_bdtcut0.34.png> <./unfixed_exp/plots/tauhA/massf
it_tauhA_40bins_bdtcut0.38.png> <./unfixed_exp/plots/tauhA/massfit_tauhA_40bins
_bdtcut0.42.png> <./unfixed_exp/plots/tauhA/massfit_tauhA_40bins_bdtcut0.46.png
> <./unfixed_exp/plots/tauhA/massfit_tauhA_40bins_bdtcut0.52.png> <./unfixed_ex
p/plots/tauhA/massfit_tauhA_40bins_bdtcut0.58.png>]
<unfixed_exp/plots/tauhB/massfit_tauhB_40bins_bdtcut-0.4.png, id=77, 698.61pt x
 473.77pt>
File: unfixed_exp/plots/tauhB/massfit_tauhB_40bins_bdtcut-0.4.png Graphic file 
(type png)
<use unfixed_exp/plots/tauhB/massfit_tauhB_40bins_bdtcut-0.4.png>
Package pdftex.def Info: unfixed_exp/plots/tauhB/massfit_tauhB_40bins_bdtcut-0.
4.png  used on input line 258.
(pdftex.def)             Requested size: 90.5922pt x 61.43321pt.
<unfixed_exp/plots/tauhB/massfit_tauhB_40bins_bdtcut-0.34.png, id=78, 698.61pt 
x 473.77pt>
File: unfixed_exp/plots/tauhB/massfit_tauhB_40bins_bdtcut-0.34.png Graphic file
 (type png)
<use unfixed_exp/plots/tauhB/massfit_tauhB_40bins_bdtcut-0.34.png>
Package pdftex.def Info: unfixed_exp/plots/tauhB/massfit_tauhB_40bins_bdtcut-0.
34.png  used on input line 262.
(pdftex.def)             Requested size: 90.5922pt x 61.43321pt.
<unfixed_exp/plots/tauhB/massfit_tauhB_40bins_bdtcut-0.28.png, id=79, 698.61pt 
x 473.77pt>
File: unfixed_exp/plots/tauhB/massfit_tauhB_40bins_bdtcut-0.28.png Graphic file
 (type png)
<use unfixed_exp/plots/tauhB/massfit_tauhB_40bins_bdtcut-0.28.png>
Package pdftex.def Info: unfixed_exp/plots/tauhB/massfit_tauhB_40bins_bdtcut-0.
28.png  used on input line 266.
(pdftex.def)             Requested size: 90.5922pt x 61.43321pt.
<unfixed_exp/plots/tauhB/massfit_tauhB_40bins_bdtcut-0.22.png, id=80, 698.61pt 
x 473.77pt>
File: unfixed_exp/plots/tauhB/massfit_tauhB_40bins_bdtcut-0.22.png Graphic file
 (type png)
<use unfixed_exp/plots/tauhB/massfit_tauhB_40bins_bdtcut-0.22.png>
Package pdftex.def Info: unfixed_exp/plots/tauhB/massfit_tauhB_40bins_bdtcut-0.
22.png  used on input line 270.
(pdftex.def)             Requested size: 90.5922pt x 61.43321pt.
<unfixed_exp/plots/tauhB/massfit_tauhB_40bins_bdtcut-0.16.png, id=81, 698.61pt 
x 473.77pt>
File: unfixed_exp/plots/tauhB/massfit_tauhB_40bins_bdtcut-0.16.png Graphic file
 (type png)
<use unfixed_exp/plots/tauhB/massfit_tauhB_40bins_bdtcut-0.16.png>
Package pdftex.def Info: unfixed_exp/plots/tauhB/massfit_tauhB_40bins_bdtcut-0.
16.png  used on input line 274.
(pdftex.def)             Requested size: 90.5922pt x 61.43321pt.
<unfixed_exp/plots/tauhB/massfit_tauhB_40bins_bdtcut-0.13.png, id=82, 698.61pt 
x 473.77pt>
File: unfixed_exp/plots/tauhB/massfit_tauhB_40bins_bdtcut-0.13.png Graphic file
 (type png)
<use unfixed_exp/plots/tauhB/massfit_tauhB_40bins_bdtcut-0.13.png>
Package pdftex.def Info: unfixed_exp/plots/tauhB/massfit_tauhB_40bins_bdtcut-0.
13.png  used on input line 278.
(pdftex.def)             Requested size: 90.5922pt x 61.43321pt.
<unfixed_exp/plots/tauhB/massfit_tauhB_40bins_bdtcut-0.09.png, id=83, 698.61pt 
x 473.77pt>
File: unfixed_exp/plots/tauhB/massfit_tauhB_40bins_bdtcut-0.09.png Graphic file
 (type png)
<use unfixed_exp/plots/tauhB/massfit_tauhB_40bins_bdtcut-0.09.png>
Package pdftex.def Info: unfixed_exp/plots/tauhB/massfit_tauhB_40bins_bdtcut-0.
09.png  used on input line 282.
(pdftex.def)             Requested size: 90.5922pt x 61.43321pt.
<unfixed_exp/plots/tauhB/massfit_tauhB_40bins_bdtcut-0.05.png, id=84, 698.61pt 
x 473.77pt>
File: unfixed_exp/plots/tauhB/massfit_tauhB_40bins_bdtcut-0.05.png Graphic file
 (type png)
<use unfixed_exp/plots/tauhB/massfit_tauhB_40bins_bdtcut-0.05.png>
Package pdftex.def Info: unfixed_exp/plots/tauhB/massfit_tauhB_40bins_bdtcut-0.
05.png  used on input line 286.
(pdftex.def)             Requested size: 90.5922pt x 61.43321pt.
<unfixed_exp/plots/tauhB/massfit_tauhB_40bins_bdtcut-0.01.png, id=85, 698.61pt 
x 473.77pt>
File: unfixed_exp/plots/tauhB/massfit_tauhB_40bins_bdtcut-0.01.png Graphic file
 (type png)
<use unfixed_exp/plots/tauhB/massfit_tauhB_40bins_bdtcut-0.01.png>
Package pdftex.def Info: unfixed_exp/plots/tauhB/massfit_tauhB_40bins_bdtcut-0.
01.png  used on input line 290.
(pdftex.def)             Requested size: 90.5922pt x 61.43321pt.
<unfixed_exp/plots/tauhB/massfit_tauhB_40bins_bdtcut0.03.png, id=86, 698.61pt x
 473.77pt>
File: unfixed_exp/plots/tauhB/massfit_tauhB_40bins_bdtcut0.03.png Graphic file 
(type png)
<use unfixed_exp/plots/tauhB/massfit_tauhB_40bins_bdtcut0.03.png>
Package pdftex.def Info: unfixed_exp/plots/tauhB/massfit_tauhB_40bins_bdtcut0.0
3.png  used on input line 294.
(pdftex.def)             Requested size: 90.5922pt x 61.43321pt.
<unfixed_exp/plots/tauhB/massfit_tauhB_40bins_bdtcut0.07.png, id=87, 698.61pt x
 473.77pt>
File: unfixed_exp/plots/tauhB/massfit_tauhB_40bins_bdtcut0.07.png Graphic file 
(type png)
<use unfixed_exp/plots/tauhB/massfit_tauhB_40bins_bdtcut0.07.png>
Package pdftex.def Info: unfixed_exp/plots/tauhB/massfit_tauhB_40bins_bdtcut0.0
7.png  used on input line 298.
(pdftex.def)             Requested size: 90.5922pt x 61.43321pt.
<unfixed_exp/plots/tauhB/massfit_tauhB_40bins_bdtcut0.11.png, id=88, 698.61pt x
 473.77pt>
File: unfixed_exp/plots/tauhB/massfit_tauhB_40bins_bdtcut0.11.png Graphic file 
(type png)
<use unfixed_exp/plots/tauhB/massfit_tauhB_40bins_bdtcut0.11.png>
Package pdftex.def Info: unfixed_exp/plots/tauhB/massfit_tauhB_40bins_bdtcut0.1
1.png  used on input line 302.
(pdftex.def)             Requested size: 90.5922pt x 61.43321pt.
<unfixed_exp/plots/tauhB/massfit_tauhB_40bins_bdtcut0.15.png, id=89, 698.61pt x
 473.77pt>
File: unfixed_exp/plots/tauhB/massfit_tauhB_40bins_bdtcut0.15.png Graphic file 
(type png)
<use unfixed_exp/plots/tauhB/massfit_tauhB_40bins_bdtcut0.15.png>
Package pdftex.def Info: unfixed_exp/plots/tauhB/massfit_tauhB_40bins_bdtcut0.1
5.png  used on input line 306.
(pdftex.def)             Requested size: 90.5922pt x 61.43321pt.
<unfixed_exp/plots/tauhB/massfit_tauhB_40bins_bdtcut0.19.png, id=90, 698.61pt x
 473.77pt>
File: unfixed_exp/plots/tauhB/massfit_tauhB_40bins_bdtcut0.19.png Graphic file 
(type png)
<use unfixed_exp/plots/tauhB/massfit_tauhB_40bins_bdtcut0.19.png>
Package pdftex.def Info: unfixed_exp/plots/tauhB/massfit_tauhB_40bins_bdtcut0.1
9.png  used on input line 310.
(pdftex.def)             Requested size: 90.5922pt x 61.43321pt.
<unfixed_exp/plots/tauhB/massfit_tauhB_40bins_bdtcut0.23.png, id=91, 698.61pt x
 473.77pt>
File: unfixed_exp/plots/tauhB/massfit_tauhB_40bins_bdtcut0.23.png Graphic file 
(type png)
<use unfixed_exp/plots/tauhB/massfit_tauhB_40bins_bdtcut0.23.png>
Package pdftex.def Info: unfixed_exp/plots/tauhB/massfit_tauhB_40bins_bdtcut0.2
3.png  used on input line 314.
(pdftex.def)             Requested size: 90.5922pt x 61.43321pt.
<unfixed_exp/plots/tauhB/massfit_tauhB_40bins_bdtcut0.27.png, id=92, 698.61pt x
 473.77pt>
File: unfixed_exp/plots/tauhB/massfit_tauhB_40bins_bdtcut0.27.png Graphic file 
(type png)
<use unfixed_exp/plots/tauhB/massfit_tauhB_40bins_bdtcut0.27.png>
Package pdftex.def Info: unfixed_exp/plots/tauhB/massfit_tauhB_40bins_bdtcut0.2
7.png  used on input line 318.
(pdftex.def)             Requested size: 90.5922pt x 61.43321pt.
<unfixed_exp/plots/tauhB/massfit_tauhB_40bins_bdtcut0.31.png, id=93, 698.61pt x
 473.77pt>
File: unfixed_exp/plots/tauhB/massfit_tauhB_40bins_bdtcut0.31.png Graphic file 
(type png)
<use unfixed_exp/plots/tauhB/massfit_tauhB_40bins_bdtcut0.31.png>
Package pdftex.def Info: unfixed_exp/plots/tauhB/massfit_tauhB_40bins_bdtcut0.3
1.png  used on input line 322.
(pdftex.def)             Requested size: 90.5922pt x 61.43321pt.
<unfixed_exp/plots/tauhB/massfit_tauhB_40bins_bdtcut0.35.png, id=94, 698.61pt x
 473.77pt>
File: unfixed_exp/plots/tauhB/massfit_tauhB_40bins_bdtcut0.35.png Graphic file 
(type png)
<use unfixed_exp/plots/tauhB/massfit_tauhB_40bins_bdtcut0.35.png>
Package pdftex.def Info: unfixed_exp/plots/tauhB/massfit_tauhB_40bins_bdtcut0.3
5.png  used on input line 326.
(pdftex.def)             Requested size: 90.5922pt x 61.43321pt.
<unfixed_exp/plots/tauhB/massfit_tauhB_40bins_bdtcut0.41.png, id=95, 698.61pt x
 473.77pt>
File: unfixed_exp/plots/tauhB/massfit_tauhB_40bins_bdtcut0.41.png Graphic file 
(type png)
<use unfixed_exp/plots/tauhB/massfit_tauhB_40bins_bdtcut0.41.png>
Package pdftex.def Info: unfixed_exp/plots/tauhB/massfit_tauhB_40bins_bdtcut0.4
1.png  used on input line 330.
(pdftex.def)             Requested size: 90.5922pt x 61.43321pt.
<unfixed_exp/plots/tauhB/massfit_tauhB_40bins_bdtcut0.47.png, id=96, 698.61pt x
 473.77pt>
File: unfixed_exp/plots/tauhB/massfit_tauhB_40bins_bdtcut0.47.png Graphic file 
(type png)
<use unfixed_exp/plots/tauhB/massfit_tauhB_40bins_bdtcut0.47.png>
Package pdftex.def Info: unfixed_exp/plots/tauhB/massfit_tauhB_40bins_bdtcut0.4
7.png  used on input line 334.
(pdftex.def)             Requested size: 90.5922pt x 61.43321pt.
<unfixed_exp/plots/tauhB/massfit_tauhB_40bins_bdtcut0.53.png, id=97, 698.61pt x
 473.77pt>
File: unfixed_exp/plots/tauhB/massfit_tauhB_40bins_bdtcut0.53.png Graphic file 
(type png)
<use unfixed_exp/plots/tauhB/massfit_tauhB_40bins_bdtcut0.53.png>
Package pdftex.def Info: unfixed_exp/plots/tauhB/massfit_tauhB_40bins_bdtcut0.5
3.png  used on input line 338.
(pdftex.def)             Requested size: 90.5922pt x 61.43321pt.
 [5 <./unfixed_exp/plots/tauhB/massfit_tauhB_40bins_bdtcut-0.4.png> <./unfixed_
exp/plots/tauhB/massfit_tauhB_40bins_bdtcut-0.34.png> <./unfixed_exp/plots/tauh
B/massfit_tauhB_40bins_bdtcut-0.28.png> <./unfixed_exp/plots/tauhB/massfit_tauh
B_40bins_bdtcut-0.22.png> <./unfixed_exp/plots/tauhB/massfit_tauhB_40bins_bdtcu
t-0.16.png> <./unfixed_exp/plots/tauhB/massfit_tauhB_40bins_bdtcut-0.13.png> <.
/unfixed_exp/plots/tauhB/massfit_tauhB_40bins_bdtcut-0.09.png> <./unfixed_exp/p
lots/tauhB/massfit_tauhB_40bins_bdtcut-0.05.png> <./unfixed_exp/plots/tauhB/mas
sfit_tauhB_40bins_bdtcut-0.01.png> <./unfixed_exp/plots/tauhB/massfit_tauhB_40b
ins_bdtcut0.03.png> <./unfixed_exp/plots/tauhB/massfit_tauhB_40bins_bdtcut0.07.
png> <./unfixed_exp/plots/tauhB/massfit_tauhB_40bins_bdtcut0.11.png> <./unfixed
_exp/plots/tauhB/massfit_tauhB_40bins_bdtcut0.15.png> <./unfixed_exp/plots/tauh
B/massfit_tauhB_40bins_bdtcut0.19.png> <./unfixed_exp/plots/tauhB/massfit_tauhB
_40bins_bdtcut0.23.png> <./unfixed_exp/plots/tauhB/massfit_tauhB_40bins_bdtcut0
.27.png> <./unfixed_exp/plots/tauhB/massfit_tauhB_40bins_bdtcut0.31.png> <./unf
ixed_exp/plots/tauhB/massfit_tauhB_40bins_bdtcut0.35.png> <./unfixed_exp/plots/
tauhB/massfit_tauhB_40bins_bdtcut0.41.png> <./unfixed_exp/plots/tauhB/massfit_t
auhB_40bins_bdtcut0.47.png> <./unfixed_exp/plots/tauhB/massfit_tauhB_40bins_bdt
cut0.53.png>]
<unfixed_exp/plots/all/massfit_all_40bins_bdtcut0.15.png, id=101, 698.61pt x 47
3.77pt>
File: unfixed_exp/plots/all/massfit_all_40bins_bdtcut0.15.png Graphic file (typ
e png)
<use unfixed_exp/plots/all/massfit_all_40bins_bdtcut0.15.png>
Package pdftex.def Info: unfixed_exp/plots/all/massfit_all_40bins_bdtcut0.15.pn
g  used on input line 354.
(pdftex.def)             Requested size: 90.5922pt x 61.43321pt.
<unfixed_exp/plots/all/massfit_all_40bins_bdtcut0.21.png, id=102, 698.61pt x 47
3.77pt>
File: unfixed_exp/plots/all/massfit_all_40bins_bdtcut0.21.png Graphic file (typ
e png)
<use unfixed_exp/plots/all/massfit_all_40bins_bdtcut0.21.png>
Package pdftex.def Info: unfixed_exp/plots/all/massfit_all_40bins_bdtcut0.21.pn
g  used on input line 358.
(pdftex.def)             Requested size: 90.5922pt x 61.43321pt.
<unfixed_exp/plots/all/massfit_all_40bins_bdtcut0.27.png, id=103, 698.61pt x 47
3.77pt>
File: unfixed_exp/plots/all/massfit_all_40bins_bdtcut0.27.png Graphic file (typ
e png)
<use unfixed_exp/plots/all/massfit_all_40bins_bdtcut0.27.png>
Package pdftex.def Info: unfixed_exp/plots/all/massfit_all_40bins_bdtcut0.27.pn
g  used on input line 362.
(pdftex.def)             Requested size: 90.5922pt x 61.43321pt.
<unfixed_exp/plots/all/massfit_all_40bins_bdtcut0.33.png, id=104, 698.61pt x 47
3.77pt>
File: unfixed_exp/plots/all/massfit_all_40bins_bdtcut0.33.png Graphic file (typ
e png)
<use unfixed_exp/plots/all/massfit_all_40bins_bdtcut0.33.png>
Package pdftex.def Info: unfixed_exp/plots/all/massfit_all_40bins_bdtcut0.33.pn
g  used on input line 366.
(pdftex.def)             Requested size: 90.5922pt x 61.43321pt.
<unfixed_exp/plots/all/massfit_all_40bins_bdtcut0.35.png, id=105, 698.61pt x 47
3.77pt>
File: unfixed_exp/plots/all/massfit_all_40bins_bdtcut0.35.png Graphic file (typ
e png)
<use unfixed_exp/plots/all/massfit_all_40bins_bdtcut0.35.png>
Package pdftex.def Info: unfixed_exp/plots/all/massfit_all_40bins_bdtcut0.35.pn
g  used on input line 370.
(pdftex.def)             Requested size: 90.5922pt x 61.43321pt.
<unfixed_exp/plots/all/massfit_all_40bins_bdtcut0.39.png, id=106, 698.61pt x 47
3.77pt>
File: unfixed_exp/plots/all/massfit_all_40bins_bdtcut0.39.png Graphic file (typ
e png)
<use unfixed_exp/plots/all/massfit_all_40bins_bdtcut0.39.png>
Package pdftex.def Info: unfixed_exp/plots/all/massfit_all_40bins_bdtcut0.39.pn
g  used on input line 374.
(pdftex.def)             Requested size: 90.5922pt x 61.43321pt.
<unfixed_exp/plots/all/massfit_all_40bins_bdtcut0.43.png, id=107, 698.61pt x 47
3.77pt>
File: unfixed_exp/plots/all/massfit_all_40bins_bdtcut0.43.png Graphic file (typ
e png)
<use unfixed_exp/plots/all/massfit_all_40bins_bdtcut0.43.png>
Package pdftex.def Info: unfixed_exp/plots/all/massfit_all_40bins_bdtcut0.43.pn
g  used on input line 378.
(pdftex.def)             Requested size: 90.5922pt x 61.43321pt.
<unfixed_exp/plots/all/massfit_all_40bins_bdtcut0.47.png, id=108, 698.61pt x 47
3.77pt>
File: unfixed_exp/plots/all/massfit_all_40bins_bdtcut0.47.png Graphic file (typ
e png)
<use unfixed_exp/plots/all/massfit_all_40bins_bdtcut0.47.png>
Package pdftex.def Info: unfixed_exp/plots/all/massfit_all_40bins_bdtcut0.47.pn
g  used on input line 382.
(pdftex.def)             Requested size: 90.5922pt x 61.43321pt.
<unfixed_exp/plots/all/massfit_all_40bins_bdtcut0.51.png, id=109, 698.61pt x 47
3.77pt>
File: unfixed_exp/plots/all/massfit_all_40bins_bdtcut0.51.png Graphic file (typ
e png)
<use unfixed_exp/plots/all/massfit_all_40bins_bdtcut0.51.png>
Package pdftex.def Info: unfixed_exp/plots/all/massfit_all_40bins_bdtcut0.51.pn
g  used on input line 386.
(pdftex.def)             Requested size: 90.5922pt x 61.43321pt.
<unfixed_exp/plots/all/massfit_all_40bins_bdtcut0.55.png, id=110, 698.61pt x 47
3.77pt>
File: unfixed_exp/plots/all/massfit_all_40bins_bdtcut0.55.png Graphic file (typ
e png)
<use unfixed_exp/plots/all/massfit_all_40bins_bdtcut0.55.png>
Package pdftex.def Info: unfixed_exp/plots/all/massfit_all_40bins_bdtcut0.55.pn
g  used on input line 390.
(pdftex.def)             Requested size: 90.5922pt x 61.43321pt.
<unfixed_exp/plots/all/massfit_all_40bins_bdtcut0.59.png, id=111, 698.61pt x 47
3.77pt>
File: unfixed_exp/plots/all/massfit_all_40bins_bdtcut0.59.png Graphic file (typ
e png)
<use unfixed_exp/plots/all/massfit_all_40bins_bdtcut0.59.png>
Package pdftex.def Info: unfixed_exp/plots/all/massfit_all_40bins_bdtcut0.59.pn
g  used on input line 394.
(pdftex.def)             Requested size: 90.5922pt x 61.43321pt.
<unfixed_exp/plots/all/massfit_all_40bins_bdtcut0.63.png, id=112, 698.61pt x 47
3.77pt>
File: unfixed_exp/plots/all/massfit_all_40bins_bdtcut0.63.png Graphic file (typ
e png)
<use unfixed_exp/plots/all/massfit_all_40bins_bdtcut0.63.png>
Package pdftex.def Info: unfixed_exp/plots/all/massfit_all_40bins_bdtcut0.63.pn
g  used on input line 398.
(pdftex.def)             Requested size: 90.5922pt x 61.43321pt.
<unfixed_exp/plots/all/massfit_all_40bins_bdtcut0.67.png, id=113, 698.61pt x 47
3.77pt>
File: unfixed_exp/plots/all/massfit_all_40bins_bdtcut0.67.png Graphic file (typ
e png)
<use unfixed_exp/plots/all/massfit_all_40bins_bdtcut0.67.png>
Package pdftex.def Info: unfixed_exp/plots/all/massfit_all_40bins_bdtcut0.67.pn
g  used on input line 402.
(pdftex.def)             Requested size: 90.5922pt x 61.43321pt.
<unfixed_exp/plots/all/massfit_all_40bins_bdtcut0.7.png, id=114, 698.61pt x 473
.77pt>
File: unfixed_exp/plots/all/massfit_all_40bins_bdtcut0.7.png Graphic file (type
 png)
<use unfixed_exp/plots/all/massfit_all_40bins_bdtcut0.7.png>
Package pdftex.def Info: unfixed_exp/plots/all/massfit_all_40bins_bdtcut0.7.png
  used on input line 406.
(pdftex.def)             Requested size: 90.5922pt x 61.43321pt.
<unfixed_exp/plots/all/massfit_all_40bins_bdtcut0.76.png, id=115, 698.61pt x 47
3.77pt>
File: unfixed_exp/plots/all/massfit_all_40bins_bdtcut0.76.png Graphic file (typ
e png)
<use unfixed_exp/plots/all/massfit_all_40bins_bdtcut0.76.png>
Package pdftex.def Info: unfixed_exp/plots/all/massfit_all_40bins_bdtcut0.76.pn
g  used on input line 410.
(pdftex.def)             Requested size: 90.5922pt x 61.43321pt.
<unfixed_exp/plots/all/massfit_all_40bins_bdtcut0.82.png, id=116, 698.61pt x 47
3.77pt>
File: unfixed_exp/plots/all/massfit_all_40bins_bdtcut0.82.png Graphic file (typ
e png)
<use unfixed_exp/plots/all/massfit_all_40bins_bdtcut0.82.png>
Package pdftex.def Info: unfixed_exp/plots/all/massfit_all_40bins_bdtcut0.82.pn
g  used on input line 414.
(pdftex.def)             Requested size: 90.5922pt x 61.43321pt.
[6 <./unfixed_exp/plots/all/massfit_all_40bins_bdtcut0.15.png> <./unfixed_exp/p
lots/all/massfit_all_40bins_bdtcut0.21.png> <./unfixed_exp/plots/all/massfit_al
l_40bins_bdtcut0.27.png> <./unfixed_exp/plots/all/massfit_all_40bins_bdtcut0.33
.png> <./unfixed_exp/plots/all/massfit_all_40bins_bdtcut0.35.png> <./unfixed_ex
p/plots/all/massfit_all_40bins_bdtcut0.39.png> <./unfixed_exp/plots/all/massfit
_all_40bins_bdtcut0.43.png> <./unfixed_exp/plots/all/massfit_all_40bins_bdtcut0
.47.png> <./unfixed_exp/plots/all/massfit_all_40bins_bdtcut0.51.png> <./unfixed
_exp/plots/all/massfit_all_40bins_bdtcut0.55.png> <./unfixed_exp/plots/all/mass
fit_all_40bins_bdtcut0.59.png> <./unfixed_exp/plots/all/massfit_all_40bins_bdtc
ut0.63.png> <./unfixed_exp/plots/all/massfit_all_40bins_bdtcut0.67.png> <./unfi
xed_exp/plots/all/massfit_all_40bins_bdtcut0.7.png> <./unfixed_exp/plots/all/ma
ssfit_all_40bins_bdtcut0.76.png> <./unfixed_exp/plots/all/massfit_all_40bins_bd
tcut0.82.png>]
<power_law/plots/taue/massfit_taue_40bins_bdtcut-0.2.png, id=120, 698.61pt x 47
3.77pt>
File: power_law/plots/taue/massfit_taue_40bins_bdtcut-0.2.png Graphic file (typ
e png)
<use power_law/plots/taue/massfit_taue_40bins_bdtcut-0.2.png>
Package pdftex.def Info: power_law/plots/taue/massfit_taue_40bins_bdtcut-0.2.pn
g  used on input line 435.
(pdftex.def)             Requested size: 90.5922pt x 61.43321pt.
<power_law/plots/taue/massfit_taue_40bins_bdtcut-0.14.png, id=121, 698.61pt x 4
73.77pt>
File: power_law/plots/taue/massfit_taue_40bins_bdtcut-0.14.png Graphic file (ty
pe png)
<use power_law/plots/taue/massfit_taue_40bins_bdtcut-0.14.png>
Package pdftex.def Info: power_law/plots/taue/massfit_taue_40bins_bdtcut-0.14.p
ng  used on input line 439.
(pdftex.def)             Requested size: 90.5922pt x 61.43321pt.
<power_law/plots/taue/massfit_taue_40bins_bdtcut-0.08.png, id=122, 698.61pt x 4
73.77pt>
File: power_law/plots/taue/massfit_taue_40bins_bdtcut-0.08.png Graphic file (ty
pe png)
<use power_law/plots/taue/massfit_taue_40bins_bdtcut-0.08.png>
Package pdftex.def Info: power_law/plots/taue/massfit_taue_40bins_bdtcut-0.08.p
ng  used on input line 443.
(pdftex.def)             Requested size: 90.5922pt x 61.43321pt.
<power_law/plots/taue/massfit_taue_40bins_bdtcut-0.02.png, id=123, 698.61pt x 4
73.77pt>
File: power_law/plots/taue/massfit_taue_40bins_bdtcut-0.02.png Graphic file (ty
pe png)
<use power_law/plots/taue/massfit_taue_40bins_bdtcut-0.02.png>
Package pdftex.def Info: power_law/plots/taue/massfit_taue_40bins_bdtcut-0.02.p
ng  used on input line 447.
(pdftex.def)             Requested size: 90.5922pt x 61.43321pt.
<power_law/plots/taue/massfit_taue_40bins_bdtcut0.0.png, id=124, 698.61pt x 473
.77pt>
File: power_law/plots/taue/massfit_taue_40bins_bdtcut0.0.png Graphic file (type
 png)
<use power_law/plots/taue/massfit_taue_40bins_bdtcut0.0.png>
Package pdftex.def Info: power_law/plots/taue/massfit_taue_40bins_bdtcut0.0.png
  used on input line 451.
(pdftex.def)             Requested size: 90.5922pt x 61.43321pt.
<power_law/plots/taue/massfit_taue_40bins_bdtcut0.04.png, id=125, 698.61pt x 47
3.77pt>
File: power_law/plots/taue/massfit_taue_40bins_bdtcut0.04.png Graphic file (typ
e png)
<use power_law/plots/taue/massfit_taue_40bins_bdtcut0.04.png>
Package pdftex.def Info: power_law/plots/taue/massfit_taue_40bins_bdtcut0.04.pn
g  used on input line 455.
(pdftex.def)             Requested size: 90.5922pt x 61.43321pt.
<power_law/plots/taue/massfit_taue_40bins_bdtcut0.08.png, id=126, 698.61pt x 47
3.77pt>
File: power_law/plots/taue/massfit_taue_40bins_bdtcut0.08.png Graphic file (typ
e png)
<use power_law/plots/taue/massfit_taue_40bins_bdtcut0.08.png>
Package pdftex.def Info: power_law/plots/taue/massfit_taue_40bins_bdtcut0.08.pn
g  used on input line 459.
(pdftex.def)             Requested size: 90.5922pt x 61.43321pt.
<power_law/plots/taue/massfit_taue_40bins_bdtcut0.12.png, id=127, 698.61pt x 47
3.77pt>
File: power_law/plots/taue/massfit_taue_40bins_bdtcut0.12.png Graphic file (typ
e png)
<use power_law/plots/taue/massfit_taue_40bins_bdtcut0.12.png>
Package pdftex.def Info: power_law/plots/taue/massfit_taue_40bins_bdtcut0.12.pn
g  used on input line 463.
(pdftex.def)             Requested size: 90.5922pt x 61.43321pt.
<power_law/plots/taue/massfit_taue_40bins_bdtcut0.16.png, id=128, 698.61pt x 47
3.77pt>
File: power_law/plots/taue/massfit_taue_40bins_bdtcut0.16.png Graphic file (typ
e png)
<use power_law/plots/taue/massfit_taue_40bins_bdtcut0.16.png>
Package pdftex.def Info: power_law/plots/taue/massfit_taue_40bins_bdtcut0.16.pn
g  used on input line 467.
(pdftex.def)             Requested size: 90.5922pt x 61.43321pt.
<power_law/plots/taue/massfit_taue_40bins_bdtcut0.2.png, id=129, 698.61pt x 473
.77pt>
File: power_law/plots/taue/massfit_taue_40bins_bdtcut0.2.png Graphic file (type
 png)
<use power_law/plots/taue/massfit_taue_40bins_bdtcut0.2.png>
Package pdftex.def Info: power_law/plots/taue/massfit_taue_40bins_bdtcut0.2.png
  used on input line 471.
(pdftex.def)             Requested size: 90.5922pt x 61.43321pt.
<power_law/plots/taue/massfit_taue_40bins_bdtcut0.24.png, id=130, 698.61pt x 47
3.77pt>
File: power_law/plots/taue/massfit_taue_40bins_bdtcut0.24.png Graphic file (typ
e png)
<use power_law/plots/taue/massfit_taue_40bins_bdtcut0.24.png>
Package pdftex.def Info: power_law/plots/taue/massfit_taue_40bins_bdtcut0.24.pn
g  used on input line 475.
(pdftex.def)             Requested size: 90.5922pt x 61.43321pt.
<power_law/plots/taue/massfit_taue_40bins_bdtcut0.28.png, id=131, 698.61pt x 47
3.77pt>
File: power_law/plots/taue/massfit_taue_40bins_bdtcut0.28.png Graphic file (typ
e png)
<use power_law/plots/taue/massfit_taue_40bins_bdtcut0.28.png>
Package pdftex.def Info: power_law/plots/taue/massfit_taue_40bins_bdtcut0.28.pn
g  used on input line 479.
(pdftex.def)             Requested size: 90.5922pt x 61.43321pt.
<power_law/plots/taue/massfit_taue_40bins_bdtcut0.32.png, id=132, 698.61pt x 47
3.77pt>
File: power_law/plots/taue/massfit_taue_40bins_bdtcut0.32.png Graphic file (typ
e png)
<use power_law/plots/taue/massfit_taue_40bins_bdtcut0.32.png>
Package pdftex.def Info: power_law/plots/taue/massfit_taue_40bins_bdtcut0.32.pn
g  used on input line 483.
(pdftex.def)             Requested size: 90.5922pt x 61.43321pt.
<power_law/plots/taue/massfit_taue_40bins_bdtcut0.36.png, id=133, 698.61pt x 47
3.77pt>
File: power_law/plots/taue/massfit_taue_40bins_bdtcut0.36.png Graphic file (typ
e png)
<use power_law/plots/taue/massfit_taue_40bins_bdtcut0.36.png>
Package pdftex.def Info: power_law/plots/taue/massfit_taue_40bins_bdtcut0.36.pn
g  used on input line 487.
(pdftex.def)             Requested size: 90.5922pt x 61.43321pt.
<power_law/plots/taue/massfit_taue_40bins_bdtcut0.4.png, id=134, 698.61pt x 473
.77pt>
File: power_law/plots/taue/massfit_taue_40bins_bdtcut0.4.png Graphic file (type
 png)
<use power_law/plots/taue/massfit_taue_40bins_bdtcut0.4.png>
Package pdftex.def Info: power_law/plots/taue/massfit_taue_40bins_bdtcut0.4.png
  used on input line 491.
(pdftex.def)             Requested size: 90.5922pt x 61.43321pt.
<power_law/plots/taue/massfit_taue_40bins_bdtcut0.46.png, id=135, 698.61pt x 47
3.77pt>
File: power_law/plots/taue/massfit_taue_40bins_bdtcut0.46.png Graphic file (typ
e png)
<use power_law/plots/taue/massfit_taue_40bins_bdtcut0.46.png>
Package pdftex.def Info: power_law/plots/taue/massfit_taue_40bins_bdtcut0.46.pn
g  used on input line 495.
(pdftex.def)             Requested size: 90.5922pt x 61.43321pt.
<power_law/plots/taue/massfit_taue_40bins_bdtcut0.52.png, id=136, 698.61pt x 47
3.77pt>
File: power_law/plots/taue/massfit_taue_40bins_bdtcut0.52.png Graphic file (typ
e png)
<use power_law/plots/taue/massfit_taue_40bins_bdtcut0.52.png>
Package pdftex.def Info: power_law/plots/taue/massfit_taue_40bins_bdtcut0.52.pn
g  used on input line 499.
(pdftex.def)             Requested size: 90.5922pt x 61.43321pt.
<power_law/plots/taue/massfit_taue_40bins_bdtcut0.58.png, id=137, 698.61pt x 47
3.77pt>
File: power_law/plots/taue/massfit_taue_40bins_bdtcut0.58.png Graphic file (typ
e png)
<use power_law/plots/taue/massfit_taue_40bins_bdtcut0.58.png>
Package pdftex.def Info: power_law/plots/taue/massfit_taue_40bins_bdtcut0.58.pn
g  used on input line 503.
(pdftex.def)             Requested size: 90.5922pt x 61.43321pt.
 [7 <./power_law/plots/taue/massfit_taue_40bins_bdtcut-0.2.png> <./power_law/pl
ots/taue/massfit_taue_40bins_bdtcut-0.14.png> <./power_law/plots/taue/massfit_t
aue_40bins_bdtcut-0.08.png> <./power_law/plots/taue/massfit_taue_40bins_bdtcut-
0.02.png> <./power_law/plots/taue/massfit_taue_40bins_bdtcut0.0.png> <./power_l
aw/plots/taue/massfit_taue_40bins_bdtcut0.04.png> <./power_law/plots/taue/massf
it_taue_40bins_bdtcut0.08.png> <./power_law/plots/taue/massfit_taue_40bins_bdtc
ut0.12.png> <./power_law/plots/taue/massfit_taue_40bins_bdtcut0.16.png> <./powe
r_law/plots/taue/massfit_taue_40bins_bdtcut0.2.png> <./power_law/plots/taue/mas
sfit_taue_40bins_bdtcut0.24.png> <./power_law/plots/taue/massfit_taue_40bins_bd
tcut0.28.png> <./power_law/plots/taue/massfit_taue_40bins_bdtcut0.32.png> <./po
wer_law/plots/taue/massfit_taue_40bins_bdtcut0.36.png> <./power_law/plots/taue/
massfit_taue_40bins_bdtcut0.4.png> <./power_law/plots/taue/massfit_taue_40bins_
bdtcut0.46.png> <./power_law/plots/taue/massfit_taue_40bins_bdtcut0.52.png> <./
power_law/plots/taue/massfit_taue_40bins_bdtcut0.58.png>]
<power_law/plots/taumu/massfit_taumu_40bins_bdtcut0.0.png, id=142, 698.61pt x 4
73.77pt>
File: power_law/plots/taumu/massfit_taumu_40bins_bdtcut0.0.png Graphic file (ty
pe png)
<use power_law/plots/taumu/massfit_taumu_40bins_bdtcut0.0.png>
Package pdftex.def Info: power_law/plots/taumu/massfit_taumu_40bins_bdtcut0.0.p
ng  used on input line 519.
(pdftex.def)             Requested size: 90.5922pt x 61.43321pt.
<power_law/plots/taumu/massfit_taumu_40bins_bdtcut0.06.png, id=143, 698.61pt x 
473.77pt>
File: power_law/plots/taumu/massfit_taumu_40bins_bdtcut0.06.png Graphic file (t
ype png)
<use power_law/plots/taumu/massfit_taumu_40bins_bdtcut0.06.png>
Package pdftex.def Info: power_law/plots/taumu/massfit_taumu_40bins_bdtcut0.06.
png  used on input line 523.
(pdftex.def)             Requested size: 90.5922pt x 61.43321pt.
<power_law/plots/taumu/massfit_taumu_40bins_bdtcut0.12.png, id=144, 698.61pt x 
473.77pt>
File: power_law/plots/taumu/massfit_taumu_40bins_bdtcut0.12.png Graphic file (t
ype png)
<use power_law/plots/taumu/massfit_taumu_40bins_bdtcut0.12.png>
Package pdftex.def Info: power_law/plots/taumu/massfit_taumu_40bins_bdtcut0.12.
png  used on input line 527.
(pdftex.def)             Requested size: 90.5922pt x 61.43321pt.
<power_law/plots/taumu/massfit_taumu_40bins_bdtcut0.18.png, id=145, 698.61pt x 
473.77pt>
File: power_law/plots/taumu/massfit_taumu_40bins_bdtcut0.18.png Graphic file (t
ype png)
<use power_law/plots/taumu/massfit_taumu_40bins_bdtcut0.18.png>
Package pdftex.def Info: power_law/plots/taumu/massfit_taumu_40bins_bdtcut0.18.
png  used on input line 531.
(pdftex.def)             Requested size: 90.5922pt x 61.43321pt.
<power_law/plots/taumu/massfit_taumu_40bins_bdtcut0.2.png, id=146, 698.61pt x 4
73.77pt>
File: power_law/plots/taumu/massfit_taumu_40bins_bdtcut0.2.png Graphic file (ty
pe png)
<use power_law/plots/taumu/massfit_taumu_40bins_bdtcut0.2.png>
Package pdftex.def Info: power_law/plots/taumu/massfit_taumu_40bins_bdtcut0.2.p
ng  used on input line 535.
(pdftex.def)             Requested size: 90.5922pt x 61.43321pt.
<power_law/plots/taumu/massfit_taumu_40bins_bdtcut0.24.png, id=147, 698.61pt x 
473.77pt>
File: power_law/plots/taumu/massfit_taumu_40bins_bdtcut0.24.png Graphic file (t
ype png)
<use power_law/plots/taumu/massfit_taumu_40bins_bdtcut0.24.png>
Package pdftex.def Info: power_law/plots/taumu/massfit_taumu_40bins_bdtcut0.24.
png  used on input line 539.
(pdftex.def)             Requested size: 90.5922pt x 61.43321pt.
<power_law/plots/taumu/massfit_taumu_40bins_bdtcut0.28.png, id=148, 698.61pt x 
473.77pt>
File: power_law/plots/taumu/massfit_taumu_40bins_bdtcut0.28.png Graphic file (t
ype png)
<use power_law/plots/taumu/massfit_taumu_40bins_bdtcut0.28.png>
Package pdftex.def Info: power_law/plots/taumu/massfit_taumu_40bins_bdtcut0.28.
png  used on input line 543.
(pdftex.def)             Requested size: 90.5922pt x 61.43321pt.
<power_law/plots/taumu/massfit_taumu_40bins_bdtcut0.32.png, id=149, 698.61pt x 
473.77pt>
File: power_law/plots/taumu/massfit_taumu_40bins_bdtcut0.32.png Graphic file (t
ype png)
<use power_law/plots/taumu/massfit_taumu_40bins_bdtcut0.32.png>
Package pdftex.def Info: power_law/plots/taumu/massfit_taumu_40bins_bdtcut0.32.
png  used on input line 547.
(pdftex.def)             Requested size: 90.5922pt x 61.43321pt.
<power_law/plots/taumu/massfit_taumu_40bins_bdtcut0.36.png, id=150, 698.61pt x 
473.77pt>
File: power_law/plots/taumu/massfit_taumu_40bins_bdtcut0.36.png Graphic file (t
ype png)
<use power_law/plots/taumu/massfit_taumu_40bins_bdtcut0.36.png>
Package pdftex.def Info: power_law/plots/taumu/massfit_taumu_40bins_bdtcut0.36.
png  used on input line 551.
(pdftex.def)             Requested size: 90.5922pt x 61.43321pt.
<power_law/plots/taumu/massfit_taumu_40bins_bdtcut0.4.png, id=151, 698.61pt x 4
73.77pt>
File: power_law/plots/taumu/massfit_taumu_40bins_bdtcut0.4.png Graphic file (ty
pe png)
<use power_law/plots/taumu/massfit_taumu_40bins_bdtcut0.4.png>
Package pdftex.def Info: power_law/plots/taumu/massfit_taumu_40bins_bdtcut0.4.p
ng  used on input line 555.
(pdftex.def)             Requested size: 90.5922pt x 61.43321pt.
<power_law/plots/taumu/massfit_taumu_40bins_bdtcut0.44.png, id=152, 698.61pt x 
473.77pt>
File: power_law/plots/taumu/massfit_taumu_40bins_bdtcut0.44.png Graphic file (t
ype png)
<use power_law/plots/taumu/massfit_taumu_40bins_bdtcut0.44.png>
Package pdftex.def Info: power_law/plots/taumu/massfit_taumu_40bins_bdtcut0.44.
png  used on input line 559.
(pdftex.def)             Requested size: 90.5922pt x 61.43321pt.
<power_law/plots/taumu/massfit_taumu_40bins_bdtcut0.48.png, id=153, 698.61pt x 
473.77pt>
File: power_law/plots/taumu/massfit_taumu_40bins_bdtcut0.48.png Graphic file (t
ype png)
<use power_law/plots/taumu/massfit_taumu_40bins_bdtcut0.48.png>
Package pdftex.def Info: power_law/plots/taumu/massfit_taumu_40bins_bdtcut0.48.
png  used on input line 563.
(pdftex.def)             Requested size: 90.5922pt x 61.43321pt.
<power_law/plots/taumu/massfit_taumu_40bins_bdtcut0.52.png, id=154, 698.61pt x 
473.77pt>
File: power_law/plots/taumu/massfit_taumu_40bins_bdtcut0.52.png Graphic file (t
ype png)
<use power_law/plots/taumu/massfit_taumu_40bins_bdtcut0.52.png>
Package pdftex.def Info: power_law/plots/taumu/massfit_taumu_40bins_bdtcut0.52.
png  used on input line 567.
(pdftex.def)             Requested size: 90.5922pt x 61.43321pt.
<power_law/plots/taumu/massfit_taumu_40bins_bdtcut0.55.png, id=155, 698.61pt x 
473.77pt>
File: power_law/plots/taumu/massfit_taumu_40bins_bdtcut0.55.png Graphic file (t
ype png)
<use power_law/plots/taumu/massfit_taumu_40bins_bdtcut0.55.png>
Package pdftex.def Info: power_law/plots/taumu/massfit_taumu_40bins_bdtcut0.55.
png  used on input line 571.
(pdftex.def)             Requested size: 90.5922pt x 61.43321pt.
<power_law/plots/taumu/massfit_taumu_40bins_bdtcut0.61.png, id=156, 698.61pt x 
473.77pt>
File: power_law/plots/taumu/massfit_taumu_40bins_bdtcut0.61.png Graphic file (t
ype png)
<use power_law/plots/taumu/massfit_taumu_40bins_bdtcut0.61.png>
Package pdftex.def Info: power_law/plots/taumu/massfit_taumu_40bins_bdtcut0.61.
png  used on input line 575.
(pdftex.def)             Requested size: 90.5922pt x 61.43321pt.
<power_law/plots/taumu/massfit_taumu_40bins_bdtcut0.67.png, id=157, 698.61pt x 
473.77pt>
File: power_law/plots/taumu/massfit_taumu_40bins_bdtcut0.67.png Graphic file (t
ype png)
<use power_law/plots/taumu/massfit_taumu_40bins_bdtcut0.67.png>
Package pdftex.def Info: power_law/plots/taumu/massfit_taumu_40bins_bdtcut0.67.
png  used on input line 579.
(pdftex.def)             Requested size: 90.5922pt x 61.43321pt.

[8 <./power_law/plots/taumu/massfit_taumu_40bins_bdtcut0.0.png> <./power_law/pl
ots/taumu/massfit_taumu_40bins_bdtcut0.06.png> <./power_law/plots/taumu/massfit
_taumu_40bins_bdtcut0.12.png> <./power_law/plots/taumu/massfit_taumu_40bins_bdt
cut0.18.png> <./power_law/plots/taumu/massfit_taumu_40bins_bdtcut0.2.png> <./po
wer_law/plots/taumu/massfit_taumu_40bins_bdtcut0.24.png> <./power_law/plots/tau
mu/massfit_taumu_40bins_bdtcut0.28.png> <./power_law/plots/taumu/massfit_taumu_
40bins_bdtcut0.32.png> <./power_law/plots/taumu/massfit_taumu_40bins_bdtcut0.36
.png> <./power_law/plots/taumu/massfit_taumu_40bins_bdtcut0.4.png> <./power_law
/plots/taumu/massfit_taumu_40bins_bdtcut0.44.png> <./power_law/plots/taumu/mass
fit_taumu_40bins_bdtcut0.48.png> <./power_law/plots/taumu/massfit_taumu_40bins_
bdtcut0.52.png> <./power_law/plots/taumu/massfit_taumu_40bins_bdtcut0.55.png> <
./power_law/plots/taumu/massfit_taumu_40bins_bdtcut0.61.png> <./power_law/plots
/taumu/massfit_taumu_40bins_bdtcut0.67.png>]
<power_law/plots/tauhA/massfit_tauhA_40bins_bdtcut-0.2.png, id=161, 698.61pt x 
473.77pt>
File: power_law/plots/tauhA/massfit_tauhA_40bins_bdtcut-0.2.png Graphic file (t
ype png)
<use power_law/plots/tauhA/massfit_tauhA_40bins_bdtcut-0.2.png>
Package pdftex.def Info: power_law/plots/tauhA/massfit_tauhA_40bins_bdtcut-0.2.
png  used on input line 595.
(pdftex.def)             Requested size: 90.5922pt x 61.43321pt.
<power_law/plots/tauhA/massfit_tauhA_40bins_bdtcut-0.14.png, id=162, 698.61pt x
 473.77pt>
File: power_law/plots/tauhA/massfit_tauhA_40bins_bdtcut-0.14.png Graphic file (
type png)
<use power_law/plots/tauhA/massfit_tauhA_40bins_bdtcut-0.14.png>
Package pdftex.def Info: power_law/plots/tauhA/massfit_tauhA_40bins_bdtcut-0.14
.png  used on input line 599.
(pdftex.def)             Requested size: 90.5922pt x 61.43321pt.
<power_law/plots/tauhA/massfit_tauhA_40bins_bdtcut-0.08.png, id=163, 698.61pt x
 473.77pt>
File: power_law/plots/tauhA/massfit_tauhA_40bins_bdtcut-0.08.png Graphic file (
type png)
<use power_law/plots/tauhA/massfit_tauhA_40bins_bdtcut-0.08.png>
Package pdftex.def Info: power_law/plots/tauhA/massfit_tauhA_40bins_bdtcut-0.08
.png  used on input line 603.
(pdftex.def)             Requested size: 90.5922pt x 61.43321pt.
<power_law/plots/tauhA/massfit_tauhA_40bins_bdtcut-0.02.png, id=164, 698.61pt x
 473.77pt>
File: power_law/plots/tauhA/massfit_tauhA_40bins_bdtcut-0.02.png Graphic file (
type png)
<use power_law/plots/tauhA/massfit_tauhA_40bins_bdtcut-0.02.png>
Package pdftex.def Info: power_law/plots/tauhA/massfit_tauhA_40bins_bdtcut-0.02
.png  used on input line 607.
(pdftex.def)             Requested size: 90.5922pt x 61.43321pt.
<power_law/plots/tauhA/massfit_tauhA_40bins_bdtcut0.04.png, id=165, 698.61pt x 
473.77pt>
File: power_law/plots/tauhA/massfit_tauhA_40bins_bdtcut0.04.png Graphic file (t
ype png)
<use power_law/plots/tauhA/massfit_tauhA_40bins_bdtcut0.04.png>
Package pdftex.def Info: power_law/plots/tauhA/massfit_tauhA_40bins_bdtcut0.04.
png  used on input line 611.
(pdftex.def)             Requested size: 90.5922pt x 61.43321pt.
<power_law/plots/tauhA/massfit_tauhA_40bins_bdtcut0.06.png, id=166, 698.61pt x 
473.77pt>
File: power_law/plots/tauhA/massfit_tauhA_40bins_bdtcut0.06.png Graphic file (t
ype png)
<use power_law/plots/tauhA/massfit_tauhA_40bins_bdtcut0.06.png>
Package pdftex.def Info: power_law/plots/tauhA/massfit_tauhA_40bins_bdtcut0.06.
png  used on input line 615.
(pdftex.def)             Requested size: 90.5922pt x 61.43321pt.
<power_law/plots/tauhA/massfit_tauhA_40bins_bdtcut0.1.png, id=167, 698.61pt x 4
73.77pt>
File: power_law/plots/tauhA/massfit_tauhA_40bins_bdtcut0.1.png Graphic file (ty
pe png)
<use power_law/plots/tauhA/massfit_tauhA_40bins_bdtcut0.1.png>
Package pdftex.def Info: power_law/plots/tauhA/massfit_tauhA_40bins_bdtcut0.1.p
ng  used on input line 619.
(pdftex.def)             Requested size: 90.5922pt x 61.43321pt.
<power_law/plots/tauhA/massfit_tauhA_40bins_bdtcut0.14.png, id=168, 698.61pt x 
473.77pt>
File: power_law/plots/tauhA/massfit_tauhA_40bins_bdtcut0.14.png Graphic file (t
ype png)
<use power_law/plots/tauhA/massfit_tauhA_40bins_bdtcut0.14.png>
Package pdftex.def Info: power_law/plots/tauhA/massfit_tauhA_40bins_bdtcut0.14.
png  used on input line 623.
(pdftex.def)             Requested size: 90.5922pt x 61.43321pt.
<power_law/plots/tauhA/massfit_tauhA_40bins_bdtcut0.18.png, id=169, 698.61pt x 
473.77pt>
File: power_law/plots/tauhA/massfit_tauhA_40bins_bdtcut0.18.png Graphic file (t
ype png)
<use power_law/plots/tauhA/massfit_tauhA_40bins_bdtcut0.18.png>
Package pdftex.def Info: power_law/plots/tauhA/massfit_tauhA_40bins_bdtcut0.18.
png  used on input line 627.
(pdftex.def)             Requested size: 90.5922pt x 61.43321pt.
<power_law/plots/tauhA/massfit_tauhA_40bins_bdtcut0.22.png, id=170, 698.61pt x 
473.77pt>
File: power_law/plots/tauhA/massfit_tauhA_40bins_bdtcut0.22.png Graphic file (t
ype png)
<use power_law/plots/tauhA/massfit_tauhA_40bins_bdtcut0.22.png>
Package pdftex.def Info: power_law/plots/tauhA/massfit_tauhA_40bins_bdtcut0.22.
png  used on input line 631.
(pdftex.def)             Requested size: 90.5922pt x 61.43321pt.
<power_law/plots/tauhA/massfit_tauhA_40bins_bdtcut0.26.png, id=171, 698.61pt x 
473.77pt>
File: power_law/plots/tauhA/massfit_tauhA_40bins_bdtcut0.26.png Graphic file (t
ype png)
<use power_law/plots/tauhA/massfit_tauhA_40bins_bdtcut0.26.png>
Package pdftex.def Info: power_law/plots/tauhA/massfit_tauhA_40bins_bdtcut0.26.
png  used on input line 635.
(pdftex.def)             Requested size: 90.5922pt x 61.43321pt.
<power_law/plots/tauhA/massfit_tauhA_40bins_bdtcut0.3.png, id=172, 698.61pt x 4
73.77pt>
File: power_law/plots/tauhA/massfit_tauhA_40bins_bdtcut0.3.png Graphic file (ty
pe png)
<use power_law/plots/tauhA/massfit_tauhA_40bins_bdtcut0.3.png>
Package pdftex.def Info: power_law/plots/tauhA/massfit_tauhA_40bins_bdtcut0.3.p
ng  used on input line 639.
(pdftex.def)             Requested size: 90.5922pt x 61.43321pt.
<power_law/plots/tauhA/massfit_tauhA_40bins_bdtcut0.34.png, id=173, 698.61pt x 
473.77pt>
File: power_law/plots/tauhA/massfit_tauhA_40bins_bdtcut0.34.png Graphic file (t
ype png)
<use power_law/plots/tauhA/massfit_tauhA_40bins_bdtcut0.34.png>
Package pdftex.def Info: power_law/plots/tauhA/massfit_tauhA_40bins_bdtcut0.34.
png  used on input line 643.
(pdftex.def)             Requested size: 90.5922pt x 61.43321pt.
<power_law/plots/tauhA/massfit_tauhA_40bins_bdtcut0.38.png, id=174, 698.61pt x 
473.77pt>
File: power_law/plots/tauhA/massfit_tauhA_40bins_bdtcut0.38.png Graphic file (t
ype png)
<use power_law/plots/tauhA/massfit_tauhA_40bins_bdtcut0.38.png>
Package pdftex.def Info: power_law/plots/tauhA/massfit_tauhA_40bins_bdtcut0.38.
png  used on input line 647.
(pdftex.def)             Requested size: 90.5922pt x 61.43321pt.
<power_law/plots/tauhA/massfit_tauhA_40bins_bdtcut0.42.png, id=175, 698.61pt x 
473.77pt>
File: power_law/plots/tauhA/massfit_tauhA_40bins_bdtcut0.42.png Graphic file (t
ype png)
<use power_law/plots/tauhA/massfit_tauhA_40bins_bdtcut0.42.png>
Package pdftex.def Info: power_law/plots/tauhA/massfit_tauhA_40bins_bdtcut0.42.
png  used on input line 651.
(pdftex.def)             Requested size: 90.5922pt x 61.43321pt.
<power_law/plots/tauhA/massfit_tauhA_40bins_bdtcut0.46.png, id=176, 698.61pt x 
473.77pt>
File: power_law/plots/tauhA/massfit_tauhA_40bins_bdtcut0.46.png Graphic file (t
ype png)
<use power_law/plots/tauhA/massfit_tauhA_40bins_bdtcut0.46.png>
Package pdftex.def Info: power_law/plots/tauhA/massfit_tauhA_40bins_bdtcut0.46.
png  used on input line 655.
(pdftex.def)             Requested size: 90.5922pt x 61.43321pt.
<power_law/plots/tauhA/massfit_tauhA_40bins_bdtcut0.52.png, id=177, 698.61pt x 
473.77pt>
File: power_law/plots/tauhA/massfit_tauhA_40bins_bdtcut0.52.png Graphic file (t
ype png)
<use power_law/plots/tauhA/massfit_tauhA_40bins_bdtcut0.52.png>
Package pdftex.def Info: power_law/plots/tauhA/massfit_tauhA_40bins_bdtcut0.52.
png  used on input line 659.
(pdftex.def)             Requested size: 90.5922pt x 61.43321pt.
<power_law/plots/tauhA/massfit_tauhA_40bins_bdtcut0.58.png, id=178, 698.61pt x 
473.77pt>
File: power_law/plots/tauhA/massfit_tauhA_40bins_bdtcut0.58.png Graphic file (t
ype png)
<use power_law/plots/tauhA/massfit_tauhA_40bins_bdtcut0.58.png>
Package pdftex.def Info: power_law/plots/tauhA/massfit_tauhA_40bins_bdtcut0.58.
png  used on input line 663.
(pdftex.def)             Requested size: 90.5922pt x 61.43321pt.
 [9 <./power_law/plots/tauhA/massfit_tauhA_40bins_bdtcut-0.2.png> <./power_law/
plots/tauhA/massfit_tauhA_40bins_bdtcut-0.14.png> <./power_law/plots/tauhA/mass
fit_tauhA_40bins_bdtcut-0.08.png> <./power_law/plots/tauhA/massfit_tauhA_40bins
_bdtcut-0.02.png> <./power_law/plots/tauhA/massfit_tauhA_40bins_bdtcut0.04.png>
 <./power_law/plots/tauhA/massfit_tauhA_40bins_bdtcut0.06.png> <./power_law/plo
ts/tauhA/massfit_tauhA_40bins_bdtcut0.1.png> <./power_law/plots/tauhA/massfit_t
auhA_40bins_bdtcut0.14.png> <./power_law/plots/tauhA/massfit_tauhA_40bins_bdtcu
t0.18.png> <./power_law/plots/tauhA/massfit_tauhA_40bins_bdtcut0.22.png> <./pow
er_law/plots/tauhA/massfit_tauhA_40bins_bdtcut0.26.png> <./power_law/plots/tauh
A/massfit_tauhA_40bins_bdtcut0.3.png> <./power_law/plots/tauhA/massfit_tauhA_40
bins_bdtcut0.34.png> <./power_law/plots/tauhA/massfit_tauhA_40bins_bdtcut0.38.p
ng> <./power_law/plots/tauhA/massfit_tauhA_40bins_bdtcut0.42.png> <./power_law/
plots/tauhA/massfit_tauhA_40bins_bdtcut0.46.png> <./power_law/plots/tauhA/massf
it_tauhA_40bins_bdtcut0.52.png> <./power_law/plots/tauhA/massfit_tauhA_40bins_b
dtcut0.58.png>]
<power_law/plots/tauhB/massfit_tauhB_40bins_bdtcut-0.4.png, id=182, 698.61pt x 
473.77pt>
File: power_law/plots/tauhB/massfit_tauhB_40bins_bdtcut-0.4.png Graphic file (t
ype png)
<use power_law/plots/tauhB/massfit_tauhB_40bins_bdtcut-0.4.png>
Package pdftex.def Info: power_law/plots/tauhB/massfit_tauhB_40bins_bdtcut-0.4.
png  used on input line 679.
(pdftex.def)             Requested size: 90.5922pt x 61.43321pt.
<power_law/plots/tauhB/massfit_tauhB_40bins_bdtcut-0.34.png, id=183, 698.61pt x
 473.77pt>
File: power_law/plots/tauhB/massfit_tauhB_40bins_bdtcut-0.34.png Graphic file (
type png)
<use power_law/plots/tauhB/massfit_tauhB_40bins_bdtcut-0.34.png>
Package pdftex.def Info: power_law/plots/tauhB/massfit_tauhB_40bins_bdtcut-0.34
.png  used on input line 683.
(pdftex.def)             Requested size: 90.5922pt x 61.43321pt.
<power_law/plots/tauhB/massfit_tauhB_40bins_bdtcut-0.28.png, id=184, 698.61pt x
 473.77pt>
File: power_law/plots/tauhB/massfit_tauhB_40bins_bdtcut-0.28.png Graphic file (
type png)
<use power_law/plots/tauhB/massfit_tauhB_40bins_bdtcut-0.28.png>
Package pdftex.def Info: power_law/plots/tauhB/massfit_tauhB_40bins_bdtcut-0.28
.png  used on input line 687.
(pdftex.def)             Requested size: 90.5922pt x 61.43321pt.
<power_law/plots/tauhB/massfit_tauhB_40bins_bdtcut-0.22.png, id=185, 698.61pt x
 473.77pt>
File: power_law/plots/tauhB/massfit_tauhB_40bins_bdtcut-0.22.png Graphic file (
type png)
<use power_law/plots/tauhB/massfit_tauhB_40bins_bdtcut-0.22.png>
Package pdftex.def Info: power_law/plots/tauhB/massfit_tauhB_40bins_bdtcut-0.22
.png  used on input line 691.
(pdftex.def)             Requested size: 90.5922pt x 61.43321pt.
<power_law/plots/tauhB/massfit_tauhB_40bins_bdtcut-0.16.png, id=186, 698.61pt x
 473.77pt>
File: power_law/plots/tauhB/massfit_tauhB_40bins_bdtcut-0.16.png Graphic file (
type png)
<use power_law/plots/tauhB/massfit_tauhB_40bins_bdtcut-0.16.png>
Package pdftex.def Info: power_law/plots/tauhB/massfit_tauhB_40bins_bdtcut-0.16
.png  used on input line 695.
(pdftex.def)             Requested size: 90.5922pt x 61.43321pt.
<power_law/plots/tauhB/massfit_tauhB_40bins_bdtcut-0.13.png, id=187, 698.61pt x
 473.77pt>
File: power_law/plots/tauhB/massfit_tauhB_40bins_bdtcut-0.13.png Graphic file (
type png)
<use power_law/plots/tauhB/massfit_tauhB_40bins_bdtcut-0.13.png>
Package pdftex.def Info: power_law/plots/tauhB/massfit_tauhB_40bins_bdtcut-0.13
.png  used on input line 699.
(pdftex.def)             Requested size: 90.5922pt x 61.43321pt.
<power_law/plots/tauhB/massfit_tauhB_40bins_bdtcut-0.09.png, id=188, 698.61pt x
 473.77pt>
File: power_law/plots/tauhB/massfit_tauhB_40bins_bdtcut-0.09.png Graphic file (
type png)
<use power_law/plots/tauhB/massfit_tauhB_40bins_bdtcut-0.09.png>
Package pdftex.def Info: power_law/plots/tauhB/massfit_tauhB_40bins_bdtcut-0.09
.png  used on input line 703.
(pdftex.def)             Requested size: 90.5922pt x 61.43321pt.
<power_law/plots/tauhB/massfit_tauhB_40bins_bdtcut-0.05.png, id=189, 698.61pt x
 473.77pt>
File: power_law/plots/tauhB/massfit_tauhB_40bins_bdtcut-0.05.png Graphic file (
type png)
<use power_law/plots/tauhB/massfit_tauhB_40bins_bdtcut-0.05.png>
Package pdftex.def Info: power_law/plots/tauhB/massfit_tauhB_40bins_bdtcut-0.05
.png  used on input line 707.
(pdftex.def)             Requested size: 90.5922pt x 61.43321pt.
<power_law/plots/tauhB/massfit_tauhB_40bins_bdtcut-0.01.png, id=190, 698.61pt x
 473.77pt>
File: power_law/plots/tauhB/massfit_tauhB_40bins_bdtcut-0.01.png Graphic file (
type png)
<use power_law/plots/tauhB/massfit_tauhB_40bins_bdtcut-0.01.png>
Package pdftex.def Info: power_law/plots/tauhB/massfit_tauhB_40bins_bdtcut-0.01
.png  used on input line 711.
(pdftex.def)             Requested size: 90.5922pt x 61.43321pt.
<power_law/plots/tauhB/massfit_tauhB_40bins_bdtcut0.03.png, id=191, 698.61pt x 
473.77pt>
File: power_law/plots/tauhB/massfit_tauhB_40bins_bdtcut0.03.png Graphic file (t
ype png)
<use power_law/plots/tauhB/massfit_tauhB_40bins_bdtcut0.03.png>
Package pdftex.def Info: power_law/plots/tauhB/massfit_tauhB_40bins_bdtcut0.03.
png  used on input line 715.
(pdftex.def)             Requested size: 90.5922pt x 61.43321pt.
<power_law/plots/tauhB/massfit_tauhB_40bins_bdtcut0.07.png, id=192, 698.61pt x 
473.77pt>
File: power_law/plots/tauhB/massfit_tauhB_40bins_bdtcut0.07.png Graphic file (t
ype png)
<use power_law/plots/tauhB/massfit_tauhB_40bins_bdtcut0.07.png>
Package pdftex.def Info: power_law/plots/tauhB/massfit_tauhB_40bins_bdtcut0.07.
png  used on input line 719.
(pdftex.def)             Requested size: 90.5922pt x 61.43321pt.
<power_law/plots/tauhB/massfit_tauhB_40bins_bdtcut0.11.png, id=193, 698.61pt x 
473.77pt>
File: power_law/plots/tauhB/massfit_tauhB_40bins_bdtcut0.11.png Graphic file (t
ype png)
<use power_law/plots/tauhB/massfit_tauhB_40bins_bdtcut0.11.png>
Package pdftex.def Info: power_law/plots/tauhB/massfit_tauhB_40bins_bdtcut0.11.
png  used on input line 723.
(pdftex.def)             Requested size: 90.5922pt x 61.43321pt.
<power_law/plots/tauhB/massfit_tauhB_40bins_bdtcut0.15.png, id=194, 698.61pt x 
473.77pt>
File: power_law/plots/tauhB/massfit_tauhB_40bins_bdtcut0.15.png Graphic file (t
ype png)
<use power_law/plots/tauhB/massfit_tauhB_40bins_bdtcut0.15.png>
Package pdftex.def Info: power_law/plots/tauhB/massfit_tauhB_40bins_bdtcut0.15.
png  used on input line 727.
(pdftex.def)             Requested size: 90.5922pt x 61.43321pt.
<power_law/plots/tauhB/massfit_tauhB_40bins_bdtcut0.19.png, id=195, 698.61pt x 
473.77pt>
File: power_law/plots/tauhB/massfit_tauhB_40bins_bdtcut0.19.png Graphic file (t
ype png)
<use power_law/plots/tauhB/massfit_tauhB_40bins_bdtcut0.19.png>
Package pdftex.def Info: power_law/plots/tauhB/massfit_tauhB_40bins_bdtcut0.19.
png  used on input line 731.
(pdftex.def)             Requested size: 90.5922pt x 61.43321pt.
<power_law/plots/tauhB/massfit_tauhB_40bins_bdtcut0.23.png, id=196, 698.61pt x 
473.77pt>
File: power_law/plots/tauhB/massfit_tauhB_40bins_bdtcut0.23.png Graphic file (t
ype png)
<use power_law/plots/tauhB/massfit_tauhB_40bins_bdtcut0.23.png>
Package pdftex.def Info: power_law/plots/tauhB/massfit_tauhB_40bins_bdtcut0.23.
png  used on input line 735.
(pdftex.def)             Requested size: 90.5922pt x 61.43321pt.
<power_law/plots/tauhB/massfit_tauhB_40bins_bdtcut0.27.png, id=197, 698.61pt x 
473.77pt>
File: power_law/plots/tauhB/massfit_tauhB_40bins_bdtcut0.27.png Graphic file (t
ype png)
<use power_law/plots/tauhB/massfit_tauhB_40bins_bdtcut0.27.png>
Package pdftex.def Info: power_law/plots/tauhB/massfit_tauhB_40bins_bdtcut0.27.
png  used on input line 739.
(pdftex.def)             Requested size: 90.5922pt x 61.43321pt.
<power_law/plots/tauhB/massfit_tauhB_40bins_bdtcut0.31.png, id=198, 698.61pt x 
473.77pt>
File: power_law/plots/tauhB/massfit_tauhB_40bins_bdtcut0.31.png Graphic file (t
ype png)
<use power_law/plots/tauhB/massfit_tauhB_40bins_bdtcut0.31.png>
Package pdftex.def Info: power_law/plots/tauhB/massfit_tauhB_40bins_bdtcut0.31.
png  used on input line 743.
(pdftex.def)             Requested size: 90.5922pt x 61.43321pt.
<power_law/plots/tauhB/massfit_tauhB_40bins_bdtcut0.35.png, id=199, 698.61pt x 
473.77pt>
File: power_law/plots/tauhB/massfit_tauhB_40bins_bdtcut0.35.png Graphic file (t
ype png)
<use power_law/plots/tauhB/massfit_tauhB_40bins_bdtcut0.35.png>
Package pdftex.def Info: power_law/plots/tauhB/massfit_tauhB_40bins_bdtcut0.35.
png  used on input line 747.
(pdftex.def)             Requested size: 90.5922pt x 61.43321pt.
<power_law/plots/tauhB/massfit_tauhB_40bins_bdtcut0.41.png, id=200, 698.61pt x 
473.77pt>
File: power_law/plots/tauhB/massfit_tauhB_40bins_bdtcut0.41.png Graphic file (t
ype png)
<use power_law/plots/tauhB/massfit_tauhB_40bins_bdtcut0.41.png>
Package pdftex.def Info: power_law/plots/tauhB/massfit_tauhB_40bins_bdtcut0.41.
png  used on input line 751.
(pdftex.def)             Requested size: 90.5922pt x 61.43321pt.
<power_law/plots/tauhB/massfit_tauhB_40bins_bdtcut0.47.png, id=201, 698.61pt x 
473.77pt>
File: power_law/plots/tauhB/massfit_tauhB_40bins_bdtcut0.47.png Graphic file (t
ype png)
<use power_law/plots/tauhB/massfit_tauhB_40bins_bdtcut0.47.png>
Package pdftex.def Info: power_law/plots/tauhB/massfit_tauhB_40bins_bdtcut0.47.
png  used on input line 755.
(pdftex.def)             Requested size: 90.5922pt x 61.43321pt.
<power_law/plots/tauhB/massfit_tauhB_40bins_bdtcut0.53.png, id=202, 698.61pt x 
473.77pt>
File: power_law/plots/tauhB/massfit_tauhB_40bins_bdtcut0.53.png Graphic file (t
ype png)
<use power_law/plots/tauhB/massfit_tauhB_40bins_bdtcut0.53.png>
Package pdftex.def Info: power_law/plots/tauhB/massfit_tauhB_40bins_bdtcut0.53.
png  used on input line 759.
(pdftex.def)             Requested size: 90.5922pt x 61.43321pt.
 [10 <./power_law/plots/tauhB/massfit_tauhB_40bins_bdtcut-0.4.png> <./power_law
/plots/tauhB/massfit_tauhB_40bins_bdtcut-0.34.png> <./power_law/plots/tauhB/mas
sfit_tauhB_40bins_bdtcut-0.28.png> <./power_law/plots/tauhB/massfit_tauhB_40bin
s_bdtcut-0.22.png> <./power_law/plots/tauhB/massfit_tauhB_40bins_bdtcut-0.16.pn
g> <./power_law/plots/tauhB/massfit_tauhB_40bins_bdtcut-0.13.png> <./power_law/
plots/tauhB/massfit_tauhB_40bins_bdtcut-0.09.png> <./power_law/plots/tauhB/mass
fit_tauhB_40bins_bdtcut-0.05.png> <./power_law/plots/tauhB/massfit_tauhB_40bins
_bdtcut-0.01.png> <./power_law/plots/tauhB/massfit_tauhB_40bins_bdtcut0.03.png>
 <./power_law/plots/tauhB/massfit_tauhB_40bins_bdtcut0.07.png> <./power_law/plo
ts/tauhB/massfit_tauhB_40bins_bdtcut0.11.png> <./power_law/plots/tauhB/massfit_
tauhB_40bins_bdtcut0.15.png> <./power_law/plots/tauhB/massfit_tauhB_40bins_bdtc
ut0.19.png> <./power_law/plots/tauhB/massfit_tauhB_40bins_bdtcut0.23.png> <./po
wer_law/plots/tauhB/massfit_tauhB_40bins_bdtcut0.27.png> <./power_law/plots/tau
hB/massfit_tauhB_40bins_bdtcut0.31.png> <./power_law/plots/tauhB/massfit_tauhB_
40bins_bdtcut0.35.png> <./power_law/plots/tauhB/massfit_tauhB_40bins_bdtcut0.41
.png> <./power_law/plots/tauhB/massfit_tauhB_40bins_bdtcut0.47.png> <./power_la
w/plots/tauhB/massfit_tauhB_40bins_bdtcut0.53.png>]
<power_law/plots/all/massfit_all_40bins_bdtcut0.15.png, id=206, 698.61pt x 473.
77pt>
File: power_law/plots/all/massfit_all_40bins_bdtcut0.15.png Graphic file (type 
png)
<use power_law/plots/all/massfit_all_40bins_bdtcut0.15.png>
Package pdftex.def Info: power_law/plots/all/massfit_all_40bins_bdtcut0.15.png 
 used on input line 775.
(pdftex.def)             Requested size: 90.5922pt x 61.43321pt.
<power_law/plots/all/massfit_all_40bins_bdtcut0.21.png, id=207, 698.61pt x 473.
77pt>
File: power_law/plots/all/massfit_all_40bins_bdtcut0.21.png Graphic file (type 
png)
<use power_law/plots/all/massfit_all_40bins_bdtcut0.21.png>
Package pdftex.def Info: power_law/plots/all/massfit_all_40bins_bdtcut0.21.png 
 used on input line 779.
(pdftex.def)             Requested size: 90.5922pt x 61.43321pt.
<power_law/plots/all/massfit_all_40bins_bdtcut0.27.png, id=208, 698.61pt x 473.
77pt>
File: power_law/plots/all/massfit_all_40bins_bdtcut0.27.png Graphic file (type 
png)
<use power_law/plots/all/massfit_all_40bins_bdtcut0.27.png>
Package pdftex.def Info: power_law/plots/all/massfit_all_40bins_bdtcut0.27.png 
 used on input line 783.
(pdftex.def)             Requested size: 90.5922pt x 61.43321pt.
<power_law/plots/all/massfit_all_40bins_bdtcut0.33.png, id=209, 698.61pt x 473.
77pt>
File: power_law/plots/all/massfit_all_40bins_bdtcut0.33.png Graphic file (type 
png)
<use power_law/plots/all/massfit_all_40bins_bdtcut0.33.png>
Package pdftex.def Info: power_law/plots/all/massfit_all_40bins_bdtcut0.33.png 
 used on input line 787.
(pdftex.def)             Requested size: 90.5922pt x 61.43321pt.
<power_law/plots/all/massfit_all_40bins_bdtcut0.35.png, id=210, 698.61pt x 473.
77pt>
File: power_law/plots/all/massfit_all_40bins_bdtcut0.35.png Graphic file (type 
png)
<use power_law/plots/all/massfit_all_40bins_bdtcut0.35.png>
Package pdftex.def Info: power_law/plots/all/massfit_all_40bins_bdtcut0.35.png 
 used on input line 791.
(pdftex.def)             Requested size: 90.5922pt x 61.43321pt.
<power_law/plots/all/massfit_all_40bins_bdtcut0.39.png, id=211, 698.61pt x 473.
77pt>
File: power_law/plots/all/massfit_all_40bins_bdtcut0.39.png Graphic file (type 
png)
<use power_law/plots/all/massfit_all_40bins_bdtcut0.39.png>
Package pdftex.def Info: power_law/plots/all/massfit_all_40bins_bdtcut0.39.png 
 used on input line 795.
(pdftex.def)             Requested size: 90.5922pt x 61.43321pt.
<power_law/plots/all/massfit_all_40bins_bdtcut0.43.png, id=212, 698.61pt x 473.
77pt>
File: power_law/plots/all/massfit_all_40bins_bdtcut0.43.png Graphic file (type 
png)
<use power_law/plots/all/massfit_all_40bins_bdtcut0.43.png>
Package pdftex.def Info: power_law/plots/all/massfit_all_40bins_bdtcut0.43.png 
 used on input line 799.
(pdftex.def)             Requested size: 90.5922pt x 61.43321pt.
<power_law/plots/all/massfit_all_40bins_bdtcut0.47.png, id=213, 698.61pt x 473.
77pt>
File: power_law/plots/all/massfit_all_40bins_bdtcut0.47.png Graphic file (type 
png)
<use power_law/plots/all/massfit_all_40bins_bdtcut0.47.png>
Package pdftex.def Info: power_law/plots/all/massfit_all_40bins_bdtcut0.47.png 
 used on input line 803.
(pdftex.def)             Requested size: 90.5922pt x 61.43321pt.
<power_law/plots/all/massfit_all_40bins_bdtcut0.51.png, id=214, 698.61pt x 473.
77pt>
File: power_law/plots/all/massfit_all_40bins_bdtcut0.51.png Graphic file (type 
png)
<use power_law/plots/all/massfit_all_40bins_bdtcut0.51.png>
Package pdftex.def Info: power_law/plots/all/massfit_all_40bins_bdtcut0.51.png 
 used on input line 807.
(pdftex.def)             Requested size: 90.5922pt x 61.43321pt.
<power_law/plots/all/massfit_all_40bins_bdtcut0.55.png, id=215, 698.61pt x 473.
77pt>
File: power_law/plots/all/massfit_all_40bins_bdtcut0.55.png Graphic file (type 
png)
<use power_law/plots/all/massfit_all_40bins_bdtcut0.55.png>
Package pdftex.def Info: power_law/plots/all/massfit_all_40bins_bdtcut0.55.png 
 used on input line 811.
(pdftex.def)             Requested size: 90.5922pt x 61.43321pt.
<power_law/plots/all/massfit_all_40bins_bdtcut0.59.png, id=216, 698.61pt x 473.
77pt>
File: power_law/plots/all/massfit_all_40bins_bdtcut0.59.png Graphic file (type 
png)
<use power_law/plots/all/massfit_all_40bins_bdtcut0.59.png>
Package pdftex.def Info: power_law/plots/all/massfit_all_40bins_bdtcut0.59.png 
 used on input line 815.
(pdftex.def)             Requested size: 90.5922pt x 61.43321pt.
<power_law/plots/all/massfit_all_40bins_bdtcut0.63.png, id=217, 698.61pt x 473.
77pt>
File: power_law/plots/all/massfit_all_40bins_bdtcut0.63.png Graphic file (type 
png)
<use power_law/plots/all/massfit_all_40bins_bdtcut0.63.png>
Package pdftex.def Info: power_law/plots/all/massfit_all_40bins_bdtcut0.63.png 
 used on input line 819.
(pdftex.def)             Requested size: 90.5922pt x 61.43321pt.
<power_law/plots/all/massfit_all_40bins_bdtcut0.67.png, id=218, 698.61pt x 473.
77pt>
File: power_law/plots/all/massfit_all_40bins_bdtcut0.67.png Graphic file (type 
png)
<use power_law/plots/all/massfit_all_40bins_bdtcut0.67.png>
Package pdftex.def Info: power_law/plots/all/massfit_all_40bins_bdtcut0.67.png 
 used on input line 823.
(pdftex.def)             Requested size: 90.5922pt x 61.43321pt.
<power_law/plots/all/massfit_all_40bins_bdtcut0.7.png, id=219, 698.61pt x 473.7
7pt>
File: power_law/plots/all/massfit_all_40bins_bdtcut0.7.png Graphic file (type p
ng)
<use power_law/plots/all/massfit_all_40bins_bdtcut0.7.png>
Package pdftex.def Info: power_law/plots/all/massfit_all_40bins_bdtcut0.7.png  
used on input line 827.
(pdftex.def)             Requested size: 90.5922pt x 61.43321pt.
<power_law/plots/all/massfit_all_40bins_bdtcut0.76.png, id=220, 698.61pt x 473.
77pt>
File: power_law/plots/all/massfit_all_40bins_bdtcut0.76.png Graphic file (type 
png)
<use power_law/plots/all/massfit_all_40bins_bdtcut0.76.png>
Package pdftex.def Info: power_law/plots/all/massfit_all_40bins_bdtcut0.76.png 
 used on input line 831.
(pdftex.def)             Requested size: 90.5922pt x 61.43321pt.
<power_law/plots/all/massfit_all_40bins_bdtcut0.82.png, id=221, 698.61pt x 473.
77pt>
File: power_law/plots/all/massfit_all_40bins_bdtcut0.82.png Graphic file (type 
png)
<use power_law/plots/all/massfit_all_40bins_bdtcut0.82.png>
Package pdftex.def Info: power_law/plots/all/massfit_all_40bins_bdtcut0.82.png 
 used on input line 835.
(pdftex.def)             Requested size: 90.5922pt x 61.43321pt.
) [11 <./power_law/plots/all/massfit_all_40bins_bdtcut0.15.png> <./power_law/pl
ots/all/massfit_all_40bins_bdtcut0.21.png> <./power_law/plots/all/massfit_all_4
0bins_bdtcut0.27.png> <./power_law/plots/all/massfit_all_40bins_bdtcut0.33.png>
 <./power_law/plots/all/massfit_all_40bins_bdtcut0.35.png> <./power_law/plots/a
ll/massfit_all_40bins_bdtcut0.39.png> <./power_law/plots/all/massfit_all_40bins
_bdtcut0.43.png> <./power_law/plots/all/massfit_all_40bins_bdtcut0.47.png> <./p
ower_law/plots/all/massfit_all_40bins_bdtcut0.51.png> <./power_law/plots/all/ma
ssfit_all_40bins_bdtcut0.55.png> <./power_law/plots/all/massfit_all_40bins_bdtc
ut0.59.png> <./power_law/plots/all/massfit_all_40bins_bdtcut0.63.png> <./power_
law/plots/all/massfit_all_40bins_bdtcut0.67.png> <./power_law/plots/all/massfit
_all_40bins_bdtcut0.7.png> <./power_law/plots/all/massfit_all_40bins_bdtcut0.76
.png> <./power_law/plots/all/massfit_all_40bins_bdtcut0.82.png>] (./template.au
x)

LaTeX Warning: There were multiply-defined labels.

 ) 
Here is how much of TeX's memory you used:
 4445 strings out of 481008
 114608 string characters out of 5909439
 351924 words of memory out of 5000000
 21527 multiletter control sequences out of 15000+600000
 408591 words of font info for 44 fonts, out of 8000000 for 9000
 14 hyphenation exceptions out of 8191
 80i,7n,88p,338b,447s stack positions out of 5000i,500n,10000p,200000b,80000s
</usr/share/texlive/texmf-dist/fonts/type1/public/amsfonts/cm/cmbx12.pfb></us
r/share/texlive/texmf-dist/fonts/type1/public/amsfonts/cm/cmmi10.pfb></usr/shar
e/texlive/texmf-dist/fonts/type1/public/amsfonts/cm/cmmi12.pfb></usr/share/texl
ive/texmf-dist/fonts/type1/public/amsfonts/cm/cmmi8.pfb></usr/share/texlive/tex
mf-dist/fonts/type1/public/amsfonts/cm/cmr10.pfb></usr/share/texlive/texmf-dist
/fonts/type1/public/amsfonts/cm/cmr12.pfb></usr/share/texlive/texmf-dist/fonts/
type1/public/amsfonts/cm/cmr17.pfb></usr/share/texlive/texmf-dist/fonts/type1/p
ublic/amsfonts/cm/cmr8.pfb></usr/share/texlive/texmf-dist/fonts/type1/public/am
sfonts/cm/cmsy10.pfb></usr/share/texlive/texmf-dist/fonts/type1/public/amsfonts
/cm/cmsy8.pfb>
Output written on template.pdf (11 pages, 2254634 bytes).
PDF statistics:
 258 PDF objects out of 1000 (max. 8388607)
 56 compressed objects within 1 object stream
 0 named destinations out of 1000 (max. 500000)
 891 words of extra memory for PDF output out of 10000 (max. 10000000)

